{"/Users/davidmonreal/Projects/handbol2026/frontend/src/types.ts": {"path":"/Users/davidmonreal/Projects/handbol2026/frontend/src/types.ts","statementMap":{},"fnMap":{},"branchMap":{},"s":{},"f":{},"b":{},"meta":{"lastBranch":0,"lastFunction":0,"lastStatement":0,"seen":{}}}
,"/Users/davidmonreal/Projects/handbol2026/frontend/src/components/Statistics.tsx": {"path":"/Users/davidmonreal/Projects/handbol2026/frontend/src/components/Statistics.tsx","statementMap":{"0":{"start":{"line":11,"column":19},"end":{"line":163,"column":null}},"1":{"start":{"line":12,"column":21},"end":{"line":12,"column":null}},"2":{"start":{"line":13,"column":8},"end":{"line":13,"column":null}},"3":{"start":{"line":14,"column":18},"end":{"line":14,"column":null}},"4":{"start":{"line":15,"column":19},"end":{"line":15,"column":null}},"5":{"start":{"line":16,"column":17},"end":{"line":16,"column":null}},"6":{"start":{"line":18,"column":31},"end":{"line":18,"column":null}},"7":{"start":{"line":21,"column":22},"end":{"line":21,"column":null}},"8":{"start":{"line":22,"column":36},"end":{"line":22,"column":null}},"9":{"start":{"line":23,"column":42},"end":{"line":23,"column":null}},"10":{"start":{"line":24,"column":28},"end":{"line":24,"column":null}},"11":{"start":{"line":27,"column":2},"end":{"line":83,"column":null}},"12":{"start":{"line":28,"column":21},"end":{"line":78,"column":null}},"13":{"start":{"line":29,"column":6},"end":{"line":29,"column":null}},"14":{"start":{"line":30,"column":6},"end":{"line":77,"column":null}},"15":{"start":{"line":31,"column":8},"end":{"line":72,"column":null}},"16":{"start":{"line":33,"column":27},"end":{"line":33,"column":null}},"17":{"start":{"line":34,"column":28},"end":{"line":34,"column":null}},"18":{"start":{"line":35,"column":10},"end":{"line":35,"column":null}},"19":{"start":{"line":36,"column":10},"end":{"line":36,"column":null}},"20":{"start":{"line":39,"column":28},"end":{"line":39,"column":null}},"21":{"start":{"line":40,"column":29},"end":{"line":40,"column":null}},"22":{"start":{"line":41,"column":10},"end":{"line":41,"column":null}},"23":{"start":{"line":42,"column":8},"end":{"line":72,"column":null}},"24":{"start":{"line":44,"column":28},"end":{"line":44,"column":null}},"25":{"start":{"line":45,"column":29},"end":{"line":45,"column":null}},"26":{"start":{"line":46,"column":10},"end":{"line":46,"column":null}},"27":{"start":{"line":49,"column":28},"end":{"line":49,"column":null}},"28":{"start":{"line":50,"column":28},"end":{"line":50,"column":null}},"29":{"start":{"line":53,"column":31},"end":{"line":59,"column":null}},"30":{"start":{"line":55,"column":14},"end":{"line":57,"column":null}},"31":{"start":{"line":59,"column":43},"end":{"line":59,"column":66}},"32":{"start":{"line":61,"column":10},"end":{"line":61,"column":null}},"33":{"start":{"line":62,"column":8},"end":{"line":72,"column":null}},"34":{"start":{"line":64,"column":26},"end":{"line":64,"column":null}},"35":{"start":{"line":65,"column":27},"end":{"line":65,"column":null}},"36":{"start":{"line":66,"column":10},"end":{"line":66,"column":null}},"37":{"start":{"line":69,"column":28},"end":{"line":69,"column":null}},"38":{"start":{"line":70,"column":29},"end":{"line":70,"column":null}},"39":{"start":{"line":71,"column":10},"end":{"line":71,"column":null}},"40":{"start":{"line":74,"column":8},"end":{"line":74,"column":null}},"41":{"start":{"line":76,"column":8},"end":{"line":76,"column":null}},"42":{"start":{"line":80,"column":4},"end":{"line":82,"column":null}},"43":{"start":{"line":81,"column":6},"end":{"line":81,"column":null}},"44":{"start":{"line":86,"column":8},"end":{"line":89,"column":null}},"45":{"start":{"line":87,"column":4},"end":{"line":87,"column":null}},"46":{"start":{"line":87,"column":39},"end":{"line":87,"column":null}},"47":{"start":{"line":88,"column":4},"end":{"line":88,"column":null}},"48":{"start":{"line":88,"column":30},"end":{"line":88,"column":55}},"49":{"start":{"line":92,"column":18},"end":{"line":92,"column":null}},"50":{"start":{"line":95,"column":8},"end":{"line":118,"column":null}},"51":{"start":{"line":96,"column":4},"end":{"line":101,"column":null}},"52":{"start":{"line":97,"column":30},"end":{"line":99,"column":null}},"53":{"start":{"line":100,"column":6},"end":{"line":100,"column":null}},"54":{"start":{"line":102,"column":4},"end":{"line":113,"column":null}},"55":{"start":{"line":103,"column":6},"end":{"line":111,"column":null}},"56":{"start":{"line":114,"column":4},"end":{"line":116,"column":null}},"57":{"start":{"line":115,"column":6},"end":{"line":115,"column":null}},"58":{"start":{"line":117,"column":4},"end":{"line":117,"column":null}},"59":{"start":{"line":121,"column":21},"end":{"line":137,"column":null}},"60":{"start":{"line":122,"column":4},"end":{"line":136,"column":null}},"61":{"start":{"line":129,"column":6},"end":{"line":129,"column":null}},"62":{"start":{"line":130,"column":4},"end":{"line":136,"column":null}},"63":{"start":{"line":131,"column":6},"end":{"line":131,"column":null}},"64":{"start":{"line":132,"column":4},"end":{"line":136,"column":null}},"65":{"start":{"line":133,"column":6},"end":{"line":133,"column":null}},"66":{"start":{"line":135,"column":6},"end":{"line":135,"column":null}},"67":{"start":{"line":139,"column":2},"end":{"line":141,"column":null}},"68":{"start":{"line":140,"column":4},"end":{"line":140,"column":null}},"69":{"start":{"line":143,"column":2},"end":{"line":145,"column":null}},"70":{"start":{"line":144,"column":4},"end":{"line":144,"column":null}},"71":{"start":{"line":147,"column":2},"end":{"line":161,"column":null}}},"fnMap":{"0":{"name":"(anonymous_0)","decl":{"start":{"line":11,"column":19},"end":{"line":11,"column":25}},"loc":{"start":{"line":11,"column":25},"end":{"line":163,"column":null}},"line":11},"1":{"name":"(anonymous_1)","decl":{"start":{"line":27,"column":12},"end":{"line":27,"column":18}},"loc":{"start":{"line":27,"column":18},"end":{"line":83,"column":5}},"line":27},"2":{"name":"(anonymous_2)","decl":{"start":{"line":28,"column":21},"end":{"line":28,"column":33}},"loc":{"start":{"line":28,"column":33},"end":{"line":78,"column":null}},"line":28},"3":{"name":"(anonymous_3)","decl":{"start":{"line":54,"column":31},"end":{"line":54,"column":32}},"loc":{"start":{"line":55,"column":14},"end":{"line":57,"column":null}},"line":55},"4":{"name":"(anonymous_4)","decl":{"start":{"line":59,"column":31},"end":{"line":59,"column":32}},"loc":{"start":{"line":59,"column":43},"end":{"line":59,"column":66}},"line":59},"5":{"name":"(anonymous_5)","decl":{"start":{"line":86,"column":32},"end":{"line":86,"column":38}},"loc":{"start":{"line":86,"column":38},"end":{"line":89,"column":5}},"line":86},"6":{"name":"(anonymous_6)","decl":{"start":{"line":88,"column":25},"end":{"line":88,"column":30}},"loc":{"start":{"line":88,"column":30},"end":{"line":88,"column":55}},"line":88},"7":{"name":"(anonymous_7)","decl":{"start":{"line":95,"column":24},"end":{"line":95,"column":30}},"loc":{"start":{"line":95,"column":30},"end":{"line":118,"column":5}},"line":95},"8":{"name":"(anonymous_8)","decl":{"start":{"line":121,"column":21},"end":{"line":121,"column":27}},"loc":{"start":{"line":121,"column":27},"end":{"line":137,"column":null}},"line":121}},"branchMap":{"0":{"loc":{"start":{"line":31,"column":8},"end":{"line":72,"column":null}},"type":"if","locations":[{"start":{"line":31,"column":8},"end":{"line":72,"column":null}},{"start":{"line":42,"column":8},"end":{"line":72,"column":null}}],"line":31},"1":{"loc":{"start":{"line":42,"column":8},"end":{"line":72,"column":null}},"type":"if","locations":[{"start":{"line":42,"column":8},"end":{"line":72,"column":null}},{"start":{"line":62,"column":8},"end":{"line":72,"column":null}}],"line":42},"2":{"loc":{"start":{"line":53,"column":31},"end":{"line":59,"column":null}},"type":"cond-expr","locations":[{"start":{"line":54,"column":14},"end":{"line":58,"column":null}},{"start":{"line":59,"column":14},"end":{"line":59,"column":null}}],"line":53},"3":{"loc":{"start":{"line":55,"column":14},"end":{"line":57,"column":null}},"type":"binary-expr","locations":[{"start":{"line":55,"column":14},"end":{"line":55,"column":null}},{"start":{"line":56,"column":14},"end":{"line":56,"column":null}},{"start":{"line":57,"column":14},"end":{"line":57,"column":null}}],"line":55},"4":{"loc":{"start":{"line":62,"column":8},"end":{"line":72,"column":null}},"type":"if","locations":[{"start":{"line":62,"column":8},"end":{"line":72,"column":null}},{"start":{},"end":{}}],"line":62},"5":{"loc":{"start":{"line":80,"column":4},"end":{"line":82,"column":null}},"type":"if","locations":[{"start":{"line":80,"column":4},"end":{"line":82,"column":null}},{"start":{},"end":{}}],"line":80},"6":{"loc":{"start":{"line":80,"column":8},"end":{"line":80,"column":39}},"type":"binary-expr","locations":[{"start":{"line":80,"column":8},"end":{"line":80,"column":19}},{"start":{"line":80,"column":19},"end":{"line":80,"column":31}},{"start":{"line":80,"column":31},"end":{"line":80,"column":39}}],"line":80},"7":{"loc":{"start":{"line":87,"column":4},"end":{"line":87,"column":null}},"type":"if","locations":[{"start":{"line":87,"column":4},"end":{"line":87,"column":null}},{"start":{},"end":{}}],"line":87},"8":{"loc":{"start":{"line":87,"column":8},"end":{"line":87,"column":39}},"type":"binary-expr","locations":[{"start":{"line":87,"column":8},"end":{"line":87,"column":19}},{"start":{"line":87,"column":19},"end":{"line":87,"column":31}},{"start":{"line":87,"column":31},"end":{"line":87,"column":39}}],"line":87},"9":{"loc":{"start":{"line":92,"column":18},"end":{"line":92,"column":null}},"type":"cond-expr","locations":[{"start":{"line":92,"column":28},"end":{"line":92,"column":39}},{"start":{"line":92,"column":39},"end":{"line":92,"column":null}}],"line":92},"10":{"loc":{"start":{"line":92,"column":39},"end":{"line":92,"column":null}},"type":"cond-expr","locations":[{"start":{"line":92,"column":50},"end":{"line":92,"column":61}},{"start":{"line":92,"column":61},"end":{"line":92,"column":null}}],"line":92},"11":{"loc":{"start":{"line":96,"column":4},"end":{"line":101,"column":null}},"type":"if","locations":[{"start":{"line":96,"column":4},"end":{"line":101,"column":null}},{"start":{},"end":{}}],"line":96},"12":{"loc":{"start":{"line":96,"column":8},"end":{"line":96,"column":25}},"type":"binary-expr","locations":[{"start":{"line":96,"column":8},"end":{"line":96,"column":19}},{"start":{"line":96,"column":19},"end":{"line":96,"column":25}}],"line":96},"13":{"loc":{"start":{"line":97,"column":30},"end":{"line":99,"column":null}},"type":"cond-expr","locations":[{"start":{"line":98,"column":10},"end":{"line":98,"column":null}},{"start":{"line":99,"column":10},"end":{"line":99,"column":null}}],"line":97},"14":{"loc":{"start":{"line":102,"column":4},"end":{"line":113,"column":null}},"type":"if","locations":[{"start":{"line":102,"column":4},"end":{"line":113,"column":null}},{"start":{},"end":{}}],"line":102},"15":{"loc":{"start":{"line":102,"column":8},"end":{"line":102,"column":26}},"type":"binary-expr","locations":[{"start":{"line":102,"column":8},"end":{"line":102,"column":20}},{"start":{"line":102,"column":20},"end":{"line":102,"column":26}}],"line":102},"16":{"loc":{"start":{"line":106,"column":11},"end":{"line":109,"column":null}},"type":"binary-expr","locations":[{"start":{"line":106,"column":11},"end":{"line":106,"column":null}},{"start":{"line":107,"column":12},"end":{"line":109,"column":null}}],"line":106},"17":{"loc":{"start":{"line":114,"column":4},"end":{"line":116,"column":null}},"type":"if","locations":[{"start":{"line":114,"column":4},"end":{"line":116,"column":null}},{"start":{},"end":{}}],"line":114},"18":{"loc":{"start":{"line":114,"column":8},"end":{"line":114,"column":24}},"type":"binary-expr","locations":[{"start":{"line":114,"column":8},"end":{"line":114,"column":18}},{"start":{"line":114,"column":18},"end":{"line":114,"column":24}}],"line":114},"19":{"loc":{"start":{"line":117,"column":11},"end":{"line":117,"column":null}},"type":"cond-expr","locations":[{"start":{"line":117,"column":43},"end":{"line":117,"column":63}},{"start":{"line":117,"column":63},"end":{"line":117,"column":null}}],"line":117},"20":{"loc":{"start":{"line":122,"column":4},"end":{"line":136,"column":null}},"type":"if","locations":[{"start":{"line":122,"column":4},"end":{"line":136,"column":null}},{"start":{"line":130,"column":4},"end":{"line":136,"column":null}}],"line":122},"21":{"loc":{"start":{"line":130,"column":4},"end":{"line":136,"column":null}},"type":"if","locations":[{"start":{"line":130,"column":4},"end":{"line":136,"column":null}},{"start":{"line":132,"column":4},"end":{"line":136,"column":null}}],"line":130},"22":{"loc":{"start":{"line":132,"column":4},"end":{"line":136,"column":null}},"type":"if","locations":[{"start":{"line":132,"column":4},"end":{"line":136,"column":null}},{"start":{"line":134,"column":11},"end":{"line":136,"column":null}}],"line":132},"23":{"loc":{"start":{"line":139,"column":2},"end":{"line":141,"column":null}},"type":"if","locations":[{"start":{"line":139,"column":2},"end":{"line":141,"column":null}},{"start":{},"end":{}}],"line":139},"24":{"loc":{"start":{"line":143,"column":2},"end":{"line":145,"column":null}},"type":"if","locations":[{"start":{"line":143,"column":2},"end":{"line":145,"column":null}},{"start":{},"end":{}}],"line":143},"25":{"loc":{"start":{"line":143,"column":6},"end":{"line":143,"column":57}},"type":"binary-expr","locations":[{"start":{"line":143,"column":6},"end":{"line":143,"column":18}},{"start":{"line":143,"column":18},"end":{"line":143,"column":31}},{"start":{"line":143,"column":31},"end":{"line":143,"column":42}},{"start":{"line":143,"column":42},"end":{"line":143,"column":57}}],"line":143},"26":{"loc":{"start":{"line":153,"column":18},"end":{"line":153,"column":null}},"type":"cond-expr","locations":[{"start":{"line":153,"column":29},"end":{"line":153,"column":68}},{"start":{"line":153,"column":68},"end":{"line":153,"column":null}}],"line":153},"27":{"loc":{"start":{"line":153,"column":68},"end":{"line":153,"column":null}},"type":"cond-expr","locations":[{"start":{"line":153,"column":77},"end":{"line":153,"column":135}},{"start":{"line":153,"column":135},"end":{"line":153,"column":null}}],"line":153},"28":{"loc":{"start":{"line":154,"column":19},"end":{"line":154,"column":null}},"type":"cond-expr","locations":[{"start":{"line":154,"column":29},"end":{"line":154,"column":36}},{"start":{"line":154,"column":36},"end":{"line":154,"column":null}}],"line":154},"29":{"loc":{"start":{"line":155,"column":18},"end":{"line":155,"column":null}},"type":"cond-expr","locations":[{"start":{"line":155,"column":27},"end":{"line":155,"column":34}},{"start":{"line":155,"column":34},"end":{"line":155,"column":null}}],"line":155}},"s":{"0":1,"1":6,"2":6,"3":6,"4":6,"5":6,"6":6,"7":6,"8":6,"9":6,"10":6,"11":6,"12":2,"13":2,"14":2,"15":2,"16":2,"17":2,"18":2,"19":2,"20":2,"21":2,"22":2,"23":0,"24":0,"25":0,"26":0,"27":0,"28":0,"29":0,"30":0,"31":0,"32":0,"33":0,"34":0,"35":0,"36":0,"37":0,"38":0,"39":0,"40":0,"41":2,"42":2,"43":2,"44":6,"45":4,"46":4,"47":0,"48":0,"49":6,"50":6,"51":4,"52":2,"53":2,"54":2,"55":0,"56":2,"57":0,"58":2,"59":6,"60":0,"61":0,"62":0,"63":0,"64":0,"65":0,"66":0,"67":6,"68":2,"69":4,"70":0,"71":4},"f":{"0":6,"1":2,"2":2,"3":0,"4":0,"5":4,"6":0,"7":4,"8":0},"b":{"0":[2,0],"1":[0,0],"2":[0,0],"3":[0,0,0],"4":[0,0],"5":[2,0],"6":[2,0,0],"7":[4,0],"8":[4,0,0],"9":[6,0],"10":[0,0],"11":[2,2],"12":[4,4],"13":[2,0],"14":[0,2],"15":[2,0],"16":[0,0],"17":[0,2],"18":[2,0],"19":[0,2],"20":[0,0],"21":[0,0],"22":[0,0],"23":[2,4],"24":[0,4],"25":[4,0,0,0],"26":[0,4],"27":[0,4],"28":[4,0],"29":[0,4]},"meta":{"lastBranch":30,"lastFunction":9,"lastStatement":72,"seen":{"s:11:19:163:Infinity":0,"f:11:19:11:25":0,"s:12:21:12:Infinity":1,"s:13:8:13:Infinity":2,"s:14:18:14:Infinity":3,"s:15:19:15:Infinity":4,"s:16:17:16:Infinity":5,"s:18:31:18:Infinity":6,"s:21:22:21:Infinity":7,"s:22:36:22:Infinity":8,"s:23:42:23:Infinity":9,"s:24:28:24:Infinity":10,"s:27:2:83:Infinity":11,"f:27:12:27:18":1,"s:28:21:78:Infinity":12,"f:28:21:28:33":2,"s:29:6:29:Infinity":13,"s:30:6:77:Infinity":14,"b:31:8:72:Infinity:42:8:72:Infinity":0,"s:31:8:72:Infinity":15,"s:33:27:33:Infinity":16,"s:34:28:34:Infinity":17,"s:35:10:35:Infinity":18,"s:36:10:36:Infinity":19,"s:39:28:39:Infinity":20,"s:40:29:40:Infinity":21,"s:41:10:41:Infinity":22,"b:42:8:72:Infinity:62:8:72:Infinity":1,"s:42:8:72:Infinity":23,"s:44:28:44:Infinity":24,"s:45:29:45:Infinity":25,"s:46:10:46:Infinity":26,"s:49:28:49:Infinity":27,"s:50:28:50:Infinity":28,"s:53:31:59:Infinity":29,"b:54:14:58:Infinity:59:14:59:Infinity":2,"f:54:31:54:32":3,"s:55:14:57:Infinity":30,"b:55:14:55:Infinity:56:14:56:Infinity:57:14:57:Infinity":3,"f:59:31:59:32":4,"s:59:43:59:66":31,"s:61:10:61:Infinity":32,"b:62:8:72:Infinity:undefined:undefined:undefined:undefined":4,"s:62:8:72:Infinity":33,"s:64:26:64:Infinity":34,"s:65:27:65:Infinity":35,"s:66:10:66:Infinity":36,"s:69:28:69:Infinity":37,"s:70:29:70:Infinity":38,"s:71:10:71:Infinity":39,"s:74:8:74:Infinity":40,"s:76:8:76:Infinity":41,"b:80:4:82:Infinity:undefined:undefined:undefined:undefined":5,"s:80:4:82:Infinity":42,"b:80:8:80:19:80:19:80:31:80:31:80:39":6,"s:81:6:81:Infinity":43,"s:86:8:89:Infinity":44,"f:86:32:86:38":5,"b:87:4:87:Infinity:undefined:undefined:undefined:undefined":7,"s:87:4:87:Infinity":45,"b:87:8:87:19:87:19:87:31:87:31:87:39":8,"s:87:39:87:Infinity":46,"s:88:4:88:Infinity":47,"f:88:25:88:30":6,"s:88:30:88:55":48,"s:92:18:92:Infinity":49,"b:92:28:92:39:92:39:92:Infinity":9,"b:92:50:92:61:92:61:92:Infinity":10,"s:95:8:118:Infinity":50,"f:95:24:95:30":7,"b:96:4:101:Infinity:undefined:undefined:undefined:undefined":11,"s:96:4:101:Infinity":51,"b:96:8:96:19:96:19:96:25":12,"s:97:30:99:Infinity":52,"b:98:10:98:Infinity:99:10:99:Infinity":13,"s:100:6:100:Infinity":53,"b:102:4:113:Infinity:undefined:undefined:undefined:undefined":14,"s:102:4:113:Infinity":54,"b:102:8:102:20:102:20:102:26":15,"s:103:6:111:Infinity":55,"b:106:11:106:Infinity:107:12:109:Infinity":16,"b:114:4:116:Infinity:undefined:undefined:undefined:undefined":17,"s:114:4:116:Infinity":56,"b:114:8:114:18:114:18:114:24":18,"s:115:6:115:Infinity":57,"s:117:4:117:Infinity":58,"b:117:43:117:63:117:63:117:Infinity":19,"s:121:21:137:Infinity":59,"f:121:21:121:27":8,"b:122:4:136:Infinity:130:4:136:Infinity":20,"s:122:4:136:Infinity":60,"s:129:6:129:Infinity":61,"b:130:4:136:Infinity:132:4:136:Infinity":21,"s:130:4:136:Infinity":62,"s:131:6:131:Infinity":63,"b:132:4:136:Infinity:134:11:136:Infinity":22,"s:132:4:136:Infinity":64,"s:133:6:133:Infinity":65,"s:135:6:135:Infinity":66,"b:139:2:141:Infinity:undefined:undefined:undefined:undefined":23,"s:139:2:141:Infinity":67,"s:140:4:140:Infinity":68,"b:143:2:145:Infinity:undefined:undefined:undefined:undefined":24,"s:143:2:145:Infinity":69,"b:143:6:143:18:143:18:143:31:143:31:143:42:143:42:143:57":25,"s:144:4:144:Infinity":70,"s:147:2:161:Infinity":71,"b:153:29:153:68:153:68:153:Infinity":26,"b:153:77:153:135:153:135:153:Infinity":27,"b:154:29:154:36:154:36:154:Infinity":28,"b:155:27:155:34:155:34:155:Infinity":29}}}
,"/Users/davidmonreal/Projects/handbol2026/frontend/src/components/admin/ClubsManagement.tsx": {"path":"/Users/davidmonreal/Projects/handbol2026/frontend/src/components/admin/ClubsManagement.tsx","statementMap":{"0":{"start":{"line":4,"column":38},"end":{"line":27,"column":null}},"1":{"start":{"line":29,"column":31},"end":{"line":31,"column":null}},"2":{"start":{"line":30,"column":4},"end":{"line":30,"column":null}}},"fnMap":{"0":{"name":"(anonymous_0)","decl":{"start":{"line":29,"column":31},"end":{"line":29,"column":37}},"loc":{"start":{"line":29,"column":37},"end":{"line":31,"column":null}},"line":29}},"branchMap":{},"s":{"0":1,"1":1,"2":3},"f":{"0":3},"b":{},"meta":{"lastBranch":0,"lastFunction":1,"lastStatement":3,"seen":{"s:4:38:27:Infinity":0,"s:29:31:31:Infinity":1,"f:29:31:29:37":0,"s:30:4:30:Infinity":2}}}
,"/Users/davidmonreal/Projects/handbol2026/frontend/src/components/admin/MatchesManagement.tsx": {"path":"/Users/davidmonreal/Projects/handbol2026/frontend/src/components/admin/MatchesManagement.tsx","statementMap":{"0":{"start":{"line":21,"column":33},"end":{"line":187,"column":null}},"1":{"start":{"line":22,"column":10},"end":{"line":22,"column":null}},"2":{"start":{"line":23,"column":26},"end":{"line":23,"column":null}},"3":{"start":{"line":25,"column":4},"end":{"line":36,"column":null}},"4":{"start":{"line":26,"column":27},"end":{"line":34,"column":null}},"5":{"start":{"line":27,"column":12},"end":{"line":33,"column":null}},"6":{"start":{"line":28,"column":33},"end":{"line":28,"column":null}},"7":{"start":{"line":29,"column":29},"end":{"line":29,"column":null}},"8":{"start":{"line":30,"column":16},"end":{"line":30,"column":null}},"9":{"start":{"line":32,"column":16},"end":{"line":32,"column":null}},"10":{"start":{"line":35,"column":8},"end":{"line":35,"column":null}},"11":{"start":{"line":38,"column":23},"end":{"line":47,"column":null}},"12":{"start":{"line":39,"column":8},"end":{"line":46,"column":null}},"13":{"start":{"line":49,"column":45},"end":{"line":184,"column":null}},"14":{"start":{"line":59,"column":20},"end":{"line":62,"column":null}},"15":{"start":{"line":69,"column":20},"end":{"line":74,"column":null}},"16":{"start":{"line":81,"column":20},"end":{"line":89,"column":null}},"17":{"start":{"line":96,"column":20},"end":{"line":101,"column":null}},"18":{"start":{"line":108,"column":20},"end":{"line":110,"column":null}},"19":{"start":{"line":134,"column":41},"end":{"line":137,"column":18}},"20":{"start":{"line":144,"column":41},"end":{"line":147,"column":18}},"21":{"start":{"line":155,"column":28},"end":{"line":155,"column":null}},"22":{"start":{"line":156,"column":29},"end":{"line":156,"column":null}},"23":{"start":{"line":163,"column":12},"end":{"line":167,"column":null}},"24":{"start":{"line":164,"column":16},"end":{"line":164,"column":null}},"25":{"start":{"line":166,"column":16},"end":{"line":166,"column":null}},"26":{"start":{"line":169,"column":12},"end":{"line":173,"column":null}},"27":{"start":{"line":180,"column":36},"end":{"line":180,"column":null}},"28":{"start":{"line":186,"column":4},"end":{"line":186,"column":null}}},"fnMap":{"0":{"name":"(anonymous_0)","decl":{"start":{"line":21,"column":33},"end":{"line":21,"column":39}},"loc":{"start":{"line":21,"column":39},"end":{"line":187,"column":null}},"line":21},"1":{"name":"(anonymous_1)","decl":{"start":{"line":25,"column":14},"end":{"line":25,"column":20}},"loc":{"start":{"line":25,"column":20},"end":{"line":36,"column":7}},"line":25},"2":{"name":"(anonymous_2)","decl":{"start":{"line":26,"column":27},"end":{"line":26,"column":39}},"loc":{"start":{"line":26,"column":39},"end":{"line":34,"column":null}},"line":26},"3":{"name":"(anonymous_3)","decl":{"start":{"line":38,"column":23},"end":{"line":38,"column":24}},"loc":{"start":{"line":38,"column":47},"end":{"line":47,"column":null}},"line":38},"4":{"name":"(anonymous_4)","decl":{"start":{"line":58,"column":24},"end":{"line":58,"column":25}},"loc":{"start":{"line":59,"column":20},"end":{"line":62,"column":null}},"line":59},"5":{"name":"(anonymous_5)","decl":{"start":{"line":68,"column":24},"end":{"line":68,"column":25}},"loc":{"start":{"line":69,"column":20},"end":{"line":74,"column":null}},"line":69},"6":{"name":"(anonymous_6)","decl":{"start":{"line":80,"column":24},"end":{"line":80,"column":25}},"loc":{"start":{"line":81,"column":20},"end":{"line":89,"column":null}},"line":81},"7":{"name":"(anonymous_7)","decl":{"start":{"line":95,"column":24},"end":{"line":95,"column":25}},"loc":{"start":{"line":96,"column":20},"end":{"line":101,"column":null}},"line":96},"8":{"name":"(anonymous_8)","decl":{"start":{"line":107,"column":24},"end":{"line":107,"column":25}},"loc":{"start":{"line":108,"column":20},"end":{"line":110,"column":null}},"line":108},"9":{"name":"(anonymous_9)","decl":{"start":{"line":134,"column":35},"end":{"line":134,"column":41}},"loc":{"start":{"line":134,"column":41},"end":{"line":137,"column":18}},"line":134},"10":{"name":"(anonymous_10)","decl":{"start":{"line":144,"column":35},"end":{"line":144,"column":41}},"loc":{"start":{"line":144,"column":41},"end":{"line":147,"column":18}},"line":144},"11":{"name":"(anonymous_11)","decl":{"start":{"line":153,"column":24},"end":{"line":153,"column":25}},"loc":{"start":{"line":153,"column":34},"end":{"line":174,"column":null}},"line":153},"12":{"name":"(anonymous_12)","decl":{"start":{"line":180,"column":25},"end":{"line":180,"column":26}},"loc":{"start":{"line":180,"column":36},"end":{"line":180,"column":null}},"line":180}},"branchMap":{"0":{"loc":{"start":{"line":71,"column":29},"end":{"line":71,"column":87}},"type":"binary-expr","locations":[{"start":{"line":71,"column":29},"end":{"line":71,"column":56}},{"start":{"line":71,"column":56},"end":{"line":71,"column":87}}],"line":71},"1":{"loc":{"start":{"line":73,"column":25},"end":{"line":73,"column":null}},"type":"binary-expr","locations":[{"start":{"line":73,"column":25},"end":{"line":73,"column":48}},{"start":{"line":73,"column":48},"end":{"line":73,"column":null}}],"line":73},"2":{"loc":{"start":{"line":82,"column":25},"end":{"line":87,"column":null}},"type":"cond-expr","locations":[{"start":{"line":83,"column":28},"end":{"line":85,"column":null}},{"start":{"line":87,"column":28},"end":{"line":87,"column":null}}],"line":82},"3":{"loc":{"start":{"line":84,"column":33},"end":{"line":84,"column":54}},"type":"binary-expr","locations":[{"start":{"line":84,"column":33},"end":{"line":84,"column":52}},{"start":{"line":84,"column":52},"end":{"line":84,"column":54}}],"line":84},"4":{"loc":{"start":{"line":84,"column":58},"end":{"line":84,"column":null}},"type":"binary-expr","locations":[{"start":{"line":84,"column":58},"end":{"line":84,"column":77}},{"start":{"line":84,"column":77},"end":{"line":84,"column":null}}],"line":84},"5":{"loc":{"start":{"line":98,"column":29},"end":{"line":98,"column":87}},"type":"binary-expr","locations":[{"start":{"line":98,"column":29},"end":{"line":98,"column":56}},{"start":{"line":98,"column":56},"end":{"line":98,"column":87}}],"line":98},"6":{"loc":{"start":{"line":100,"column":25},"end":{"line":100,"column":null}},"type":"binary-expr","locations":[{"start":{"line":100,"column":25},"end":{"line":100,"column":48}},{"start":{"line":100,"column":48},"end":{"line":100,"column":null}}],"line":100},"7":{"loc":{"start":{"line":108,"column":112},"end":{"line":108,"column":194}},"type":"cond-expr","locations":[{"start":{"line":108,"column":131},"end":{"line":108,"column":163}},{"start":{"line":108,"column":163},"end":{"line":108,"column":194}}],"line":108},"8":{"loc":{"start":{"line":109,"column":25},"end":{"line":109,"column":null}},"type":"cond-expr","locations":[{"start":{"line":109,"column":44},"end":{"line":109,"column":57}},{"start":{"line":109,"column":57},"end":{"line":109,"column":null}}],"line":109},"9":{"loc":{"start":{"line":136,"column":30},"end":{"line":136,"column":64}},"type":"cond-expr","locations":[{"start":{"line":136,"column":43},"end":{"line":136,"column":62}},{"start":{"line":136,"column":62},"end":{"line":136,"column":64}}],"line":136},"10":{"loc":{"start":{"line":136,"column":77},"end":{"line":136,"column":114}},"type":"cond-expr","locations":[{"start":{"line":136,"column":86},"end":{"line":136,"column":112}},{"start":{"line":136,"column":112},"end":{"line":136,"column":114}}],"line":136},"11":{"loc":{"start":{"line":146,"column":30},"end":{"line":146,"column":64}},"type":"cond-expr","locations":[{"start":{"line":146,"column":43},"end":{"line":146,"column":62}},{"start":{"line":146,"column":62},"end":{"line":146,"column":64}}],"line":146},"12":{"loc":{"start":{"line":146,"column":77},"end":{"line":146,"column":114}},"type":"cond-expr","locations":[{"start":{"line":146,"column":86},"end":{"line":146,"column":112}},{"start":{"line":146,"column":112},"end":{"line":146,"column":114}}],"line":146},"13":{"loc":{"start":{"line":156,"column":29},"end":{"line":156,"column":null}},"type":"binary-expr","locations":[{"start":{"line":156,"column":29},"end":{"line":156,"column":53}},{"start":{"line":156,"column":53},"end":{"line":156,"column":null}}],"line":156}},"s":{"0":2,"1":8,"2":8,"3":8,"4":5,"5":5,"6":5,"7":5,"8":5,"9":0,"10":5,"11":8,"12":3,"13":8,"14":3,"15":3,"16":3,"17":3,"18":3,"19":4,"20":4,"21":0,"22":0,"23":0,"24":0,"25":0,"26":0,"27":2,"28":8},"f":{"0":8,"1":5,"2":5,"3":3,"4":3,"5":3,"6":3,"7":3,"8":3,"9":4,"10":4,"11":0,"12":2},"b":{"0":[3,0],"1":[3,1],"2":[2,1],"3":[2,0],"4":[2,0],"5":[3,0],"6":[3,1],"7":[2,1],"8":[2,1],"9":[0,4],"10":[0,4],"11":[0,4],"12":[0,4],"13":[0,0]},"meta":{"lastBranch":14,"lastFunction":13,"lastStatement":29,"seen":{"s:21:33:187:Infinity":0,"f:21:33:21:39":0,"s:22:10:22:Infinity":1,"s:23:26:23:Infinity":2,"s:25:4:36:Infinity":3,"f:25:14:25:20":1,"s:26:27:34:Infinity":4,"f:26:27:26:39":2,"s:27:12:33:Infinity":5,"s:28:33:28:Infinity":6,"s:29:29:29:Infinity":7,"s:30:16:30:Infinity":8,"s:32:16:32:Infinity":9,"s:35:8:35:Infinity":10,"s:38:23:47:Infinity":11,"f:38:23:38:24":3,"s:39:8:46:Infinity":12,"s:49:45:184:Infinity":13,"f:58:24:58:25":4,"s:59:20:62:Infinity":14,"f:68:24:68:25":5,"s:69:20:74:Infinity":15,"b:71:29:71:56:71:56:71:87":0,"b:73:25:73:48:73:48:73:Infinity":1,"f:80:24:80:25":6,"s:81:20:89:Infinity":16,"b:83:28:85:Infinity:87:28:87:Infinity":2,"b:84:33:84:52:84:52:84:54":3,"b:84:58:84:77:84:77:84:Infinity":4,"f:95:24:95:25":7,"s:96:20:101:Infinity":17,"b:98:29:98:56:98:56:98:87":5,"b:100:25:100:48:100:48:100:Infinity":6,"f:107:24:107:25":8,"s:108:20:110:Infinity":18,"b:108:131:108:163:108:163:108:194":7,"b:109:44:109:57:109:57:109:Infinity":8,"f:134:35:134:41":9,"s:134:41:137:18":19,"b:136:43:136:62:136:62:136:64":9,"b:136:86:136:112:136:112:136:114":10,"f:144:35:144:41":10,"s:144:41:147:18":20,"b:146:43:146:62:146:62:146:64":11,"b:146:86:146:112:146:112:146:114":12,"f:153:24:153:25":11,"s:155:28:155:Infinity":21,"s:156:29:156:Infinity":22,"b:156:29:156:53:156:53:156:Infinity":13,"s:163:12:167:Infinity":23,"s:164:16:164:Infinity":24,"s:166:16:166:Infinity":25,"s:169:12:173:Infinity":26,"f:180:25:180:26":12,"s:180:36:180:Infinity":27,"s:186:4:186:Infinity":28}}}
,"/Users/davidmonreal/Projects/handbol2026/frontend/src/components/admin/SeasonsManagement.tsx": {"path":"/Users/davidmonreal/Projects/handbol2026/frontend/src/components/admin/SeasonsManagement.tsx","statementMap":{"0":{"start":{"line":4,"column":42},"end":{"line":54,"column":null}},"1":{"start":{"line":17,"column":32},"end":{"line":17,"column":null}},"2":{"start":{"line":22,"column":32},"end":{"line":22,"column":null}},"3":{"start":{"line":50,"column":31},"end":{"line":53,"column":null}},"4":{"start":{"line":56,"column":33},"end":{"line":58,"column":null}},"5":{"start":{"line":57,"column":4},"end":{"line":57,"column":null}}},"fnMap":{"0":{"name":"(anonymous_0)","decl":{"start":{"line":17,"column":20},"end":{"line":17,"column":21}},"loc":{"start":{"line":17,"column":32},"end":{"line":17,"column":null}},"line":17},"1":{"name":"(anonymous_1)","decl":{"start":{"line":22,"column":20},"end":{"line":22,"column":21}},"loc":{"start":{"line":22,"column":32},"end":{"line":22,"column":null}},"line":22},"2":{"name":"(anonymous_2)","decl":{"start":{"line":50,"column":20},"end":{"line":50,"column":21}},"loc":{"start":{"line":50,"column":31},"end":{"line":53,"column":null}},"line":50},"3":{"name":"(anonymous_3)","decl":{"start":{"line":56,"column":33},"end":{"line":56,"column":39}},"loc":{"start":{"line":56,"column":39},"end":{"line":58,"column":null}},"line":56}},"branchMap":{},"s":{"0":1,"1":2,"2":2,"3":0,"4":1,"5":3},"f":{"0":2,"1":2,"2":0,"3":3},"b":{},"meta":{"lastBranch":0,"lastFunction":4,"lastStatement":6,"seen":{"s:4:42:54:Infinity":0,"f:17:20:17:21":0,"s:17:32:17:Infinity":1,"f:22:20:22:21":1,"s:22:32:22:Infinity":2,"f:50:20:50:21":2,"s:50:31:53:Infinity":3,"s:56:33:58:Infinity":4,"f:56:33:56:39":3,"s:57:4:57:Infinity":5}}}
,"/Users/davidmonreal/Projects/handbol2026/frontend/src/components/admin/shared/CrudManager.tsx": {"path":"/Users/davidmonreal/Projects/handbol2026/frontend/src/components/admin/shared/CrudManager.tsx","statementMap":{"0":{"start":{"line":11,"column":26},"end":{"line":11,"column":null}},"1":{"start":{"line":12,"column":36},"end":{"line":12,"column":null}},"2":{"start":{"line":13,"column":38},"end":{"line":13,"column":null}},"3":{"start":{"line":14,"column":32},"end":{"line":14,"column":null}},"4":{"start":{"line":15,"column":26},"end":{"line":15,"column":null}},"5":{"start":{"line":16,"column":34},"end":{"line":16,"column":null}},"6":{"start":{"line":17,"column":36},"end":{"line":17,"column":null}},"7":{"start":{"line":19,"column":4},"end":{"line":21,"column":null}},"8":{"start":{"line":20,"column":8},"end":{"line":20,"column":null}},"9":{"start":{"line":23,"column":23},"end":{"line":42,"column":null}},"10":{"start":{"line":24,"column":8},"end":{"line":41,"column":null}},"11":{"start":{"line":25,"column":29},"end":{"line":25,"column":null}},"12":{"start":{"line":26,"column":25},"end":{"line":26,"column":null}},"13":{"start":{"line":28,"column":12},"end":{"line":36,"column":null}},"14":{"start":{"line":29,"column":16},"end":{"line":29,"column":null}},"15":{"start":{"line":31,"column":16},"end":{"line":31,"column":null}},"16":{"start":{"line":32,"column":16},"end":{"line":32,"column":null}},"17":{"start":{"line":33,"column":16},"end":{"line":35,"column":null}},"18":{"start":{"line":34,"column":20},"end":{"line":34,"column":null}},"19":{"start":{"line":38,"column":12},"end":{"line":38,"column":null}},"20":{"start":{"line":39,"column":12},"end":{"line":39,"column":null}},"21":{"start":{"line":40,"column":12},"end":{"line":40,"column":null}},"22":{"start":{"line":44,"column":25},"end":{"line":77,"column":null}},"23":{"start":{"line":45,"column":8},"end":{"line":45,"column":null}},"24":{"start":{"line":46,"column":8},"end":{"line":46,"column":null}},"25":{"start":{"line":47,"column":8},"end":{"line":47,"column":null}},"26":{"start":{"line":49,"column":8},"end":{"line":76,"column":null}},"27":{"start":{"line":50,"column":24},"end":{"line":52,"column":null}},"28":{"start":{"line":54,"column":27},"end":{"line":54,"column":null}},"29":{"start":{"line":56,"column":31},"end":{"line":56,"column":null}},"30":{"start":{"line":58,"column":29},"end":{"line":62,"column":null}},"31":{"start":{"line":64,"column":12},"end":{"line":67,"column":null}},"32":{"start":{"line":65,"column":34},"end":{"line":65,"column":null}},"33":{"start":{"line":66,"column":16},"end":{"line":66,"column":null}},"34":{"start":{"line":69,"column":12},"end":{"line":69,"column":null}},"35":{"start":{"line":70,"column":12},"end":{"line":70,"column":null}},"36":{"start":{"line":72,"column":12},"end":{"line":72,"column":null}},"37":{"start":{"line":73,"column":12},"end":{"line":73,"column":null}},"38":{"start":{"line":75,"column":12},"end":{"line":75,"column":null}},"39":{"start":{"line":79,"column":25},"end":{"line":92,"column":null}},"40":{"start":{"line":80,"column":8},"end":{"line":80,"column":null}},"41":{"start":{"line":80,"column":84},"end":{"line":80,"column":null}},"42":{"start":{"line":82,"column":8},"end":{"line":91,"column":null}},"43":{"start":{"line":83,"column":29},"end":{"line":85,"column":null}},"44":{"start":{"line":86,"column":12},"end":{"line":86,"column":null}},"45":{"start":{"line":86,"column":30},"end":{"line":86,"column":null}},"46":{"start":{"line":87,"column":12},"end":{"line":87,"column":null}},"47":{"start":{"line":89,"column":12},"end":{"line":89,"column":null}},"48":{"start":{"line":90,"column":12},"end":{"line":90,"column":null}},"49":{"start":{"line":94,"column":23},"end":{"line":103,"column":null}},"50":{"start":{"line":95,"column":8},"end":{"line":95,"column":null}},"51":{"start":{"line":97,"column":53},"end":{"line":97,"column":null}},"52":{"start":{"line":98,"column":8},"end":{"line":100,"column":null}},"53":{"start":{"line":99,"column":12},"end":{"line":99,"column":null}},"54":{"start":{"line":101,"column":8},"end":{"line":101,"column":null}},"55":{"start":{"line":102,"column":8},"end":{"line":102,"column":null}},"56":{"start":{"line":105,"column":25},"end":{"line":115,"column":null}},"57":{"start":{"line":106,"column":8},"end":{"line":106,"column":null}},"58":{"start":{"line":107,"column":8},"end":{"line":107,"column":null}},"59":{"start":{"line":109,"column":51},"end":{"line":109,"column":null}},"60":{"start":{"line":110,"column":8},"end":{"line":112,"column":null}},"61":{"start":{"line":111,"column":12},"end":{"line":111,"column":null}},"62":{"start":{"line":113,"column":8},"end":{"line":113,"column":null}},"63":{"start":{"line":114,"column":8},"end":{"line":114,"column":null}},"64":{"start":{"line":117,"column":30},"end":{"line":119,"column":null}},"65":{"start":{"line":118,"column":8},"end":{"line":118,"column":null}},"66":{"start":{"line":118,"column":29},"end":{"line":118,"column":61}},"67":{"start":{"line":121,"column":26},"end":{"line":127,"column":null}},"68":{"start":{"line":122,"column":28},"end":{"line":122,"column":null}},"69":{"start":{"line":123,"column":8},"end":{"line":126,"column":null}},"70":{"start":{"line":124,"column":26},"end":{"line":124,"column":null}},"71":{"start":{"line":125,"column":12},"end":{"line":125,"column":null}},"72":{"start":{"line":129,"column":28},"end":{"line":192,"column":null}},"73":{"start":{"line":130,"column":22},"end":{"line":130,"column":null}},"74":{"start":{"line":131,"column":24},"end":{"line":131,"column":null}},"75":{"start":{"line":133,"column":8},"end":{"line":191,"column":null}},"76":{"start":{"line":135,"column":16},"end":{"line":145,"column":null}},"77":{"start":{"line":141,"column":45},"end":{"line":141,"column":null}},"78":{"start":{"line":149,"column":16},"end":{"line":168,"column":null}},"79":{"start":{"line":157,"column":45},"end":{"line":157,"column":null}},"80":{"start":{"line":163,"column":32},"end":{"line":165,"column":null}},"81":{"start":{"line":175,"column":16},"end":{"line":189,"column":null}},"82":{"start":{"line":184,"column":45},"end":{"line":184,"column":null}},"83":{"start":{"line":194,"column":4},"end":{"line":316,"column":null}},"84":{"start":{"line":201,"column":35},"end":{"line":201,"column":null}},"85":{"start":{"line":216,"column":41},"end":{"line":216,"column":null}},"86":{"start":{"line":235,"column":60},"end":{"line":235,"column":82}},"87":{"start":{"line":262,"column":32},"end":{"line":267,"column":null}},"88":{"start":{"line":276,"column":28},"end":{"line":306,"column":null}},"89":{"start":{"line":278,"column":36},"end":{"line":280,"column":null}},"90":{"start":{"line":284,"column":40},"end":{"line":291,"column":null}},"91":{"start":{"line":286,"column":59},"end":{"line":286,"column":null}},"92":{"start":{"line":294,"column":55},"end":{"line":294,"column":null}},"93":{"start":{"line":300,"column":55},"end":{"line":300,"column":null}}},"fnMap":{"0":{"name":"CrudManager","decl":{"start":{"line":10,"column":16},"end":{"line":10,"column":54}},"loc":{"start":{"line":10,"column":87},"end":{"line":318,"column":null}},"line":10},"1":{"name":"(anonymous_1)","decl":{"start":{"line":19,"column":14},"end":{"line":19,"column":20}},"loc":{"start":{"line":19,"column":20},"end":{"line":21,"column":7}},"line":19},"2":{"name":"(anonymous_2)","decl":{"start":{"line":23,"column":23},"end":{"line":23,"column":35}},"loc":{"start":{"line":23,"column":35},"end":{"line":42,"column":null}},"line":23},"3":{"name":"(anonymous_3)","decl":{"start":{"line":44,"column":25},"end":{"line":44,"column":32}},"loc":{"start":{"line":44,"column":55},"end":{"line":77,"column":null}},"line":44},"4":{"name":"(anonymous_4)","decl":{"start":{"line":79,"column":25},"end":{"line":79,"column":32}},"loc":{"start":{"line":79,"column":47},"end":{"line":92,"column":null}},"line":79},"5":{"name":"(anonymous_5)","decl":{"start":{"line":94,"column":23},"end":{"line":94,"column":24}},"loc":{"start":{"line":94,"column":36},"end":{"line":103,"column":null}},"line":94},"6":{"name":"(anonymous_6)","decl":{"start":{"line":98,"column":34},"end":{"line":98,"column":35}},"loc":{"start":{"line":98,"column":62},"end":{"line":100,"column":9}},"line":98},"7":{"name":"(anonymous_7)","decl":{"start":{"line":105,"column":25},"end":{"line":105,"column":31}},"loc":{"start":{"line":105,"column":31},"end":{"line":115,"column":null}},"line":105},"8":{"name":"(anonymous_8)","decl":{"start":{"line":110,"column":34},"end":{"line":110,"column":35}},"loc":{"start":{"line":110,"column":62},"end":{"line":112,"column":9}},"line":110},"9":{"name":"(anonymous_9)","decl":{"start":{"line":117,"column":30},"end":{"line":117,"column":31}},"loc":{"start":{"line":117,"column":69},"end":{"line":119,"column":null}},"line":117},"10":{"name":"(anonymous_10)","decl":{"start":{"line":118,"column":20},"end":{"line":118,"column":29}},"loc":{"start":{"line":118,"column":29},"end":{"line":118,"column":61}},"line":118},"11":{"name":"(anonymous_11)","decl":{"start":{"line":121,"column":39},"end":{"line":121,"column":40}},"loc":{"start":{"line":121,"column":52},"end":{"line":127,"column":5}},"line":121},"12":{"name":"(anonymous_12)","decl":{"start":{"line":123,"column":40},"end":{"line":123,"column":41}},"loc":{"start":{"line":123,"column":60},"end":{"line":126,"column":9}},"line":123},"13":{"name":"(anonymous_13)","decl":{"start":{"line":129,"column":28},"end":{"line":129,"column":29}},"loc":{"start":{"line":129,"column":56},"end":{"line":192,"column":null}},"line":129},"14":{"name":"(anonymous_14)","decl":{"start":{"line":141,"column":38},"end":{"line":141,"column":39}},"loc":{"start":{"line":141,"column":45},"end":{"line":141,"column":null}},"line":141},"15":{"name":"(anonymous_15)","decl":{"start":{"line":157,"column":38},"end":{"line":157,"column":39}},"loc":{"start":{"line":157,"column":45},"end":{"line":157,"column":null}},"line":157},"16":{"name":"(anonymous_16)","decl":{"start":{"line":162,"column":48},"end":{"line":162,"column":null}},"loc":{"start":{"line":163,"column":32},"end":{"line":165,"column":null}},"line":163},"17":{"name":"(anonymous_17)","decl":{"start":{"line":184,"column":38},"end":{"line":184,"column":39}},"loc":{"start":{"line":184,"column":45},"end":{"line":184,"column":null}},"line":184},"18":{"name":"(anonymous_18)","decl":{"start":{"line":201,"column":29},"end":{"line":201,"column":35}},"loc":{"start":{"line":201,"column":35},"end":{"line":201,"column":null}},"line":201},"19":{"name":"(anonymous_19)","decl":{"start":{"line":216,"column":34},"end":{"line":216,"column":35}},"loc":{"start":{"line":216,"column":41},"end":{"line":216,"column":null}},"line":216},"20":{"name":"(anonymous_20)","decl":{"start":{"line":235,"column":51},"end":{"line":235,"column":60}},"loc":{"start":{"line":235,"column":60},"end":{"line":235,"column":82}},"line":235},"21":{"name":"(anonymous_21)","decl":{"start":{"line":261,"column":48},"end":{"line":261,"column":null}},"loc":{"start":{"line":262,"column":32},"end":{"line":267,"column":null}},"line":262},"22":{"name":"(anonymous_22)","decl":{"start":{"line":275,"column":43},"end":{"line":275,"column":44}},"loc":{"start":{"line":276,"column":28},"end":{"line":306,"column":null}},"line":276},"23":{"name":"(anonymous_23)","decl":{"start":{"line":277,"column":52},"end":{"line":277,"column":null}},"loc":{"start":{"line":278,"column":36},"end":{"line":280,"column":null}},"line":278},"24":{"name":"(anonymous_24)","decl":{"start":{"line":283,"column":63},"end":{"line":283,"column":64}},"loc":{"start":{"line":284,"column":40},"end":{"line":291,"column":null}},"line":284},"25":{"name":"(anonymous_25)","decl":{"start":{"line":286,"column":53},"end":{"line":286,"column":59}},"loc":{"start":{"line":286,"column":59},"end":{"line":286,"column":null}},"line":286},"26":{"name":"(anonymous_26)","decl":{"start":{"line":294,"column":49},"end":{"line":294,"column":55}},"loc":{"start":{"line":294,"column":55},"end":{"line":294,"column":null}},"line":294},"27":{"name":"(anonymous_27)","decl":{"start":{"line":300,"column":49},"end":{"line":300,"column":55}},"loc":{"start":{"line":300,"column":55},"end":{"line":300,"column":null}},"line":300}},"branchMap":{"0":{"loc":{"start":{"line":28,"column":12},"end":{"line":36,"column":null}},"type":"if","locations":[{"start":{"line":28,"column":12},"end":{"line":36,"column":null}},{"start":{"line":30,"column":19},"end":{"line":36,"column":null}}],"line":28},"1":{"loc":{"start":{"line":33,"column":16},"end":{"line":35,"column":null}},"type":"if","locations":[{"start":{"line":33,"column":16},"end":{"line":35,"column":null}},{"start":{},"end":{}}],"line":33},"2":{"loc":{"start":{"line":50,"column":24},"end":{"line":52,"column":null}},"type":"cond-expr","locations":[{"start":{"line":51,"column":18},"end":{"line":51,"column":null}},{"start":{"line":52,"column":18},"end":{"line":52,"column":null}}],"line":50},"3":{"loc":{"start":{"line":54,"column":27},"end":{"line":54,"column":null}},"type":"cond-expr","locations":[{"start":{"line":54,"column":41},"end":{"line":54,"column":49}},{"start":{"line":54,"column":49},"end":{"line":54,"column":null}}],"line":54},"4":{"loc":{"start":{"line":56,"column":31},"end":{"line":56,"column":null}},"type":"cond-expr","locations":[{"start":{"line":56,"column":55},"end":{"line":56,"column":89}},{"start":{"line":56,"column":89},"end":{"line":56,"column":null}}],"line":56},"5":{"loc":{"start":{"line":64,"column":12},"end":{"line":67,"column":null}},"type":"if","locations":[{"start":{"line":64,"column":12},"end":{"line":67,"column":null}},{"start":{},"end":{}}],"line":64},"6":{"loc":{"start":{"line":66,"column":32},"end":{"line":66,"column":88}},"type":"binary-expr","locations":[{"start":{"line":66,"column":32},"end":{"line":66,"column":51}},{"start":{"line":66,"column":51},"end":{"line":66,"column":88}}],"line":66},"7":{"loc":{"start":{"line":73,"column":21},"end":{"line":73,"column":114}},"type":"cond-expr","locations":[{"start":{"line":73,"column":44},"end":{"line":73,"column":58}},{"start":{"line":73,"column":58},"end":{"line":73,"column":114}}],"line":73},"8":{"loc":{"start":{"line":80,"column":8},"end":{"line":80,"column":null}},"type":"if","locations":[{"start":{"line":80,"column":8},"end":{"line":80,"column":null}},{"start":{},"end":{}}],"line":80},"9":{"loc":{"start":{"line":86,"column":12},"end":{"line":86,"column":null}},"type":"if","locations":[{"start":{"line":86,"column":12},"end":{"line":86,"column":null}},{"start":{},"end":{}}],"line":86},"10":{"loc":{"start":{"line":99,"column":39},"end":{"line":99,"column":null}},"type":"binary-expr","locations":[{"start":{"line":99,"column":39},"end":{"line":99,"column":87}},{"start":{"line":99,"column":87},"end":{"line":99,"column":null}}],"line":99},"11":{"loc":{"start":{"line":111,"column":36},"end":{"line":111,"column":null}},"type":"cond-expr","locations":[{"start":{"line":111,"column":64},"end":{"line":111,"column":72}},{"start":{"line":111,"column":72},"end":{"line":111,"column":null}}],"line":111},"12":{"loc":{"start":{"line":130,"column":22},"end":{"line":130,"column":null}},"type":"binary-expr","locations":[{"start":{"line":130,"column":22},"end":{"line":130,"column":46}},{"start":{"line":130,"column":46},"end":{"line":130,"column":null}}],"line":130},"13":{"loc":{"start":{"line":133,"column":8},"end":{"line":191,"column":null}},"type":"switch","locations":[{"start":{"line":134,"column":12},"end":{"line":145,"column":null}},{"start":{"line":148,"column":12},"end":{"line":168,"column":null}},{"start":{"line":171,"column":12},"end":{"line":171,"column":null}},{"start":{"line":172,"column":12},"end":{"line":172,"column":null}},{"start":{"line":173,"column":12},"end":{"line":173,"column":null}},{"start":{"line":174,"column":12},"end":{"line":189,"column":null}}],"line":133},"14":{"loc":{"start":{"line":182,"column":34},"end":{"line":182,"column":null}},"type":"cond-expr","locations":[{"start":{"line":182,"column":60},"end":{"line":182,"column":71}},{"start":{"line":182,"column":71},"end":{"line":182,"column":null}}],"line":182},"15":{"loc":{"start":{"line":182,"column":71},"end":{"line":182,"column":null}},"type":"cond-expr","locations":[{"start":{"line":182,"column":95},"end":{"line":182,"column":104}},{"start":{"line":182,"column":104},"end":{"line":182,"column":null}}],"line":182},"16":{"loc":{"start":{"line":222,"column":13},"end":{"line":225,"column":null}},"type":"binary-expr","locations":[{"start":{"line":222,"column":13},"end":{"line":222,"column":null}},{"start":{"line":223,"column":16},"end":{"line":225,"column":null}}],"line":222},"17":{"loc":{"start":{"line":228,"column":13},"end":{"line":254,"column":null}},"type":"binary-expr","locations":[{"start":{"line":228,"column":13},"end":{"line":228,"column":null}},{"start":{"line":229,"column":16},"end":{"line":254,"column":null}}],"line":228},"18":{"loc":{"start":{"line":232,"column":29},"end":{"line":232,"column":null}},"type":"cond-expr","locations":[{"start":{"line":232,"column":43},"end":{"line":232,"column":73}},{"start":{"line":232,"column":73},"end":{"line":232,"column":null}}],"line":232},"19":{"loc":{"start":{"line":249,"column":37},"end":{"line":249,"column":null}},"type":"cond-expr","locations":[{"start":{"line":249,"column":49},"end":{"line":249,"column":64}},{"start":{"line":249,"column":64},"end":{"line":249,"column":null}}],"line":249},"20":{"loc":{"start":{"line":249,"column":64},"end":{"line":249,"column":null}},"type":"cond-expr","locations":[{"start":{"line":249,"column":78},"end":{"line":249,"column":89}},{"start":{"line":249,"column":89},"end":{"line":249,"column":null}}],"line":249},"21":{"loc":{"start":{"line":279,"column":41},"end":{"line":279,"column":null}},"type":"cond-expr","locations":[{"start":{"line":279,"column":54},"end":{"line":279,"column":73}},{"start":{"line":279,"column":73},"end":{"line":279,"column":null}}],"line":279},"22":{"loc":{"start":{"line":279,"column":81},"end":{"line":279,"column":138}},"type":"binary-expr","locations":[{"start":{"line":279,"column":81},"end":{"line":279,"column":136}},{"start":{"line":279,"column":136},"end":{"line":279,"column":138}}],"line":279},"23":{"loc":{"start":{"line":287,"column":55},"end":{"line":287,"column":null}},"type":"binary-expr","locations":[{"start":{"line":287,"column":55},"end":{"line":287,"column":75}},{"start":{"line":287,"column":75},"end":{"line":287,"column":null}}],"line":287},"24":{"loc":{"start":{"line":310,"column":17},"end":{"line":313,"column":null}},"type":"binary-expr","locations":[{"start":{"line":310,"column":17},"end":{"line":310,"column":null}},{"start":{"line":311,"column":20},"end":{"line":313,"column":null}}],"line":310}},"s":{"0":25,"1":25,"2":25,"3":25,"4":25,"5":25,"6":25,"7":25,"8":16,"9":25,"10":16,"11":16,"12":16,"13":16,"14":16,"15":0,"16":0,"17":0,"18":0,"19":0,"20":0,"21":0,"22":25,"23":0,"24":0,"25":0,"26":0,"27":0,"28":0,"29":0,"30":0,"31":0,"32":0,"33":0,"34":0,"35":0,"36":0,"37":0,"38":0,"39":25,"40":0,"41":0,"42":0,"43":0,"44":0,"45":0,"46":0,"47":0,"48":0,"49":25,"50":0,"51":0,"52":0,"53":0,"54":0,"55":0,"56":25,"57":0,"58":0,"59":0,"60":0,"61":0,"62":0,"63":0,"64":25,"65":0,"66":0,"67":25,"68":13,"69":13,"70":13,"71":13,"72":25,"73":2,"74":2,"75":2,"76":0,"77":0,"78":0,"79":0,"80":0,"81":2,"82":0,"83":25,"84":1,"85":1,"86":2,"87":74,"88":12,"89":33,"90":3,"91":2,"92":0,"93":0},"f":{"0":25,"1":16,"2":16,"3":0,"4":0,"5":0,"6":0,"7":0,"8":0,"9":0,"10":0,"11":13,"12":13,"13":2,"14":0,"15":0,"16":0,"17":0,"18":1,"19":1,"20":2,"21":74,"22":12,"23":33,"24":3,"25":2,"26":0,"27":0},"b":{"0":[16,0],"1":[0,0],"2":[0,0],"3":[0,0],"4":[0,0],"5":[0,0],"6":[0,0],"7":[0,0],"8":[0,0],"9":[0,0],"10":[0,0],"11":[0,0],"12":[2,2],"13":[0,0,1,1,2,2],"14":[1,1],"15":[0,1],"16":[25,0],"17":[25,1],"18":[0,1],"19":[0,1],"20":[0,1],"21":[19,14],"22":[14,0],"23":[3,0],"24":[25,17]},"meta":{"lastBranch":25,"lastFunction":28,"lastStatement":94,"seen":{"f:10:16:10:54":0,"s:11:26:11:Infinity":0,"s:12:36:12:Infinity":1,"s:13:38:13:Infinity":2,"s:14:32:14:Infinity":3,"s:15:26:15:Infinity":4,"s:16:34:16:Infinity":5,"s:17:36:17:Infinity":6,"s:19:4:21:Infinity":7,"f:19:14:19:20":1,"s:20:8:20:Infinity":8,"s:23:23:42:Infinity":9,"f:23:23:23:35":2,"s:24:8:41:Infinity":10,"s:25:29:25:Infinity":11,"s:26:25:26:Infinity":12,"b:28:12:36:Infinity:30:19:36:Infinity":0,"s:28:12:36:Infinity":13,"s:29:16:29:Infinity":14,"s:31:16:31:Infinity":15,"s:32:16:32:Infinity":16,"b:33:16:35:Infinity:undefined:undefined:undefined:undefined":1,"s:33:16:35:Infinity":17,"s:34:20:34:Infinity":18,"s:38:12:38:Infinity":19,"s:39:12:39:Infinity":20,"s:40:12:40:Infinity":21,"s:44:25:77:Infinity":22,"f:44:25:44:32":3,"s:45:8:45:Infinity":23,"s:46:8:46:Infinity":24,"s:47:8:47:Infinity":25,"s:49:8:76:Infinity":26,"s:50:24:52:Infinity":27,"b:51:18:51:Infinity:52:18:52:Infinity":2,"s:54:27:54:Infinity":28,"b:54:41:54:49:54:49:54:Infinity":3,"s:56:31:56:Infinity":29,"b:56:55:56:89:56:89:56:Infinity":4,"s:58:29:62:Infinity":30,"b:64:12:67:Infinity:undefined:undefined:undefined:undefined":5,"s:64:12:67:Infinity":31,"s:65:34:65:Infinity":32,"s:66:16:66:Infinity":33,"b:66:32:66:51:66:51:66:88":6,"s:69:12:69:Infinity":34,"s:70:12:70:Infinity":35,"s:72:12:72:Infinity":36,"s:73:12:73:Infinity":37,"b:73:44:73:58:73:58:73:114":7,"s:75:12:75:Infinity":38,"s:79:25:92:Infinity":39,"f:79:25:79:32":4,"b:80:8:80:Infinity:undefined:undefined:undefined:undefined":8,"s:80:8:80:Infinity":40,"s:80:84:80:Infinity":41,"s:82:8:91:Infinity":42,"s:83:29:85:Infinity":43,"b:86:12:86:Infinity:undefined:undefined:undefined:undefined":9,"s:86:12:86:Infinity":44,"s:86:30:86:Infinity":45,"s:87:12:87:Infinity":46,"s:89:12:89:Infinity":47,"s:90:12:90:Infinity":48,"s:94:23:103:Infinity":49,"f:94:23:94:24":5,"s:95:8:95:Infinity":50,"s:97:53:97:Infinity":51,"s:98:8:100:Infinity":52,"f:98:34:98:35":6,"s:99:12:99:Infinity":53,"b:99:39:99:87:99:87:99:Infinity":10,"s:101:8:101:Infinity":54,"s:102:8:102:Infinity":55,"s:105:25:115:Infinity":56,"f:105:25:105:31":7,"s:106:8:106:Infinity":57,"s:107:8:107:Infinity":58,"s:109:51:109:Infinity":59,"s:110:8:112:Infinity":60,"f:110:34:110:35":8,"s:111:12:111:Infinity":61,"b:111:64:111:72:111:72:111:Infinity":11,"s:113:8:113:Infinity":62,"s:114:8:114:Infinity":63,"s:117:30:119:Infinity":64,"f:117:30:117:31":9,"s:118:8:118:Infinity":65,"f:118:20:118:29":10,"s:118:29:118:61":66,"s:121:26:127:Infinity":67,"f:121:39:121:40":11,"s:122:28:122:Infinity":68,"s:123:8:126:Infinity":69,"f:123:40:123:41":12,"s:124:26:124:Infinity":70,"s:125:12:125:Infinity":71,"s:129:28:192:Infinity":72,"f:129:28:129:29":13,"s:130:22:130:Infinity":73,"b:130:22:130:46:130:46:130:Infinity":12,"s:131:24:131:Infinity":74,"b:134:12:145:Infinity:148:12:168:Infinity:171:12:171:Infinity:172:12:172:Infinity:173:12:173:Infinity:174:12:189:Infinity":13,"s:133:8:191:Infinity":75,"s:135:16:145:Infinity":76,"f:141:38:141:39":14,"s:141:45:141:Infinity":77,"s:149:16:168:Infinity":78,"f:157:38:157:39":15,"s:157:45:157:Infinity":79,"f:162:48:162:Infinity":16,"s:163:32:165:Infinity":80,"s:175:16:189:Infinity":81,"b:182:60:182:71:182:71:182:Infinity":14,"b:182:95:182:104:182:104:182:Infinity":15,"f:184:38:184:39":17,"s:184:45:184:Infinity":82,"s:194:4:316:Infinity":83,"f:201:29:201:35":18,"s:201:35:201:Infinity":84,"f:216:34:216:35":19,"s:216:41:216:Infinity":85,"b:222:13:222:Infinity:223:16:225:Infinity":16,"b:228:13:228:Infinity:229:16:254:Infinity":17,"b:232:43:232:73:232:73:232:Infinity":18,"f:235:51:235:60":20,"s:235:60:235:82":86,"b:249:49:249:64:249:64:249:Infinity":19,"b:249:78:249:89:249:89:249:Infinity":20,"f:261:48:261:Infinity":21,"s:262:32:267:Infinity":87,"f:275:43:275:44":22,"s:276:28:306:Infinity":88,"f:277:52:277:Infinity":23,"s:278:36:280:Infinity":89,"b:279:54:279:73:279:73:279:Infinity":21,"b:279:81:279:136:279:136:279:138":22,"f:283:63:283:64":24,"s:284:40:291:Infinity":90,"f:286:53:286:59":25,"s:286:59:286:Infinity":91,"b:287:55:287:75:287:75:287:Infinity":23,"f:294:49:294:55":26,"s:294:55:294:Infinity":92,"f:300:49:300:55":27,"s:300:55:300:Infinity":93,"b:310:17:310:Infinity:311:20:313:Infinity":24}}}
,"/Users/davidmonreal/Projects/handbol2026/frontend/src/components/match/FlowSelector.tsx": {"path":"/Users/davidmonreal/Projects/handbol2026/frontend/src/components/match/FlowSelector.tsx","statementMap":{"0":{"start":{"line":11,"column":28},"end":{"line":53,"column":null}},"1":{"start":{"line":12,"column":2},"end":{"line":21,"column":null}},"2":{"start":{"line":13,"column":4},"end":{"line":19,"column":null}},"3":{"start":{"line":23,"column":2},"end":{"line":51,"column":null}},"4":{"start":{"line":30,"column":25},"end":{"line":30,"column":null}},"5":{"start":{"line":37,"column":25},"end":{"line":37,"column":null}},"6":{"start":{"line":44,"column":25},"end":{"line":44,"column":null}}},"fnMap":{"0":{"name":"(anonymous_0)","decl":{"start":{"line":11,"column":28},"end":{"line":11,"column":29}},"loc":{"start":{"line":11,"column":91},"end":{"line":53,"column":null}},"line":11},"1":{"name":"(anonymous_1)","decl":{"start":{"line":30,"column":19},"end":{"line":30,"column":25}},"loc":{"start":{"line":30,"column":25},"end":{"line":30,"column":null}},"line":30},"2":{"name":"(anonymous_2)","decl":{"start":{"line":37,"column":19},"end":{"line":37,"column":25}},"loc":{"start":{"line":37,"column":25},"end":{"line":37,"column":null}},"line":37},"3":{"name":"(anonymous_3)","decl":{"start":{"line":44,"column":19},"end":{"line":44,"column":25}},"loc":{"start":{"line":44,"column":25},"end":{"line":44,"column":null}},"line":44}},"branchMap":{"0":{"loc":{"start":{"line":12,"column":2},"end":{"line":21,"column":null}},"type":"if","locations":[{"start":{"line":12,"column":2},"end":{"line":21,"column":null}},{"start":{},"end":{}}],"line":12},"1":{"loc":{"start":{"line":18,"column":14},"end":{"line":18,"column":null}},"type":"cond-expr","locations":[{"start":{"line":18,"column":36},"end":{"line":18,"column":45}},{"start":{"line":18,"column":45},"end":{"line":18,"column":null}}],"line":18},"2":{"loc":{"start":{"line":18,"column":45},"end":{"line":18,"column":null}},"type":"cond-expr","locations":[{"start":{"line":18,"column":71},"end":{"line":18,"column":87}},{"start":{"line":18,"column":87},"end":{"line":18,"column":null}}],"line":18}},"s":{"0":1,"1":4,"2":2,"3":2,"4":1,"5":0,"6":0},"f":{"0":4,"1":1,"2":0,"3":0},"b":{"0":[2,2],"1":[2,0],"2":[0,0]},"meta":{"lastBranch":3,"lastFunction":4,"lastStatement":7,"seen":{"s:11:28:53:Infinity":0,"f:11:28:11:29":0,"b:12:2:21:Infinity:undefined:undefined:undefined:undefined":0,"s:12:2:21:Infinity":1,"s:13:4:19:Infinity":2,"b:18:36:18:45:18:45:18:Infinity":1,"b:18:71:18:87:18:87:18:Infinity":2,"s:23:2:51:Infinity":3,"f:30:19:30:25":1,"s:30:25:30:Infinity":4,"f:37:19:37:25":2,"s:37:25:37:Infinity":5,"f:44:19:44:25":3,"s:44:25:44:Infinity":6}}}
,"/Users/davidmonreal/Projects/handbol2026/frontend/src/components/match/shared/CollapsedStep.tsx": {"path":"/Users/davidmonreal/Projects/handbol2026/frontend/src/components/match/shared/CollapsedStep.tsx","statementMap":{"0":{"start":{"line":10,"column":29},"end":{"line":35,"column":null}},"1":{"start":{"line":16,"column":2},"end":{"line":35,"column":null}}},"fnMap":{"0":{"name":"(anonymous_0)","decl":{"start":{"line":10,"column":29},"end":{"line":10,"column":30}},"loc":{"start":{"line":16,"column":2},"end":{"line":35,"column":null}},"line":16}},"branchMap":{},"s":{"0":2,"1":4},"f":{"0":4},"b":{},"meta":{"lastBranch":0,"lastFunction":1,"lastStatement":2,"seen":{"s:10:29:35:Infinity":0,"f:10:29:10:30":0,"s:16:2:35:Infinity":1}}}
,"/Users/davidmonreal/Projects/handbol2026/frontend/src/components/match/shared/SplitToggle.tsx": {"path":"/Users/davidmonreal/Projects/handbol2026/frontend/src/components/match/shared/SplitToggle.tsx","statementMap":{"0":{"start":{"line":11,"column":27},"end":{"line":77,"column":null}},"1":{"start":{"line":18,"column":25},"end":{"line":25,"column":null}},"2":{"start":{"line":19,"column":4},"end":{"line":24,"column":null}},"3":{"start":{"line":20,"column":21},"end":{"line":20,"column":null}},"4":{"start":{"line":21,"column":21},"end":{"line":21,"column":null}},"5":{"start":{"line":22,"column":19},"end":{"line":22,"column":null}},"6":{"start":{"line":23,"column":15},"end":{"line":23,"column":null}},"7":{"start":{"line":27,"column":26},"end":{"line":44,"column":null}},"8":{"start":{"line":28,"column":24},"end":{"line":28,"column":null}},"9":{"start":{"line":30,"column":4},"end":{"line":32,"column":null}},"10":{"start":{"line":31,"column":6},"end":{"line":31,"column":null}},"11":{"start":{"line":34,"column":4},"end":{"line":43,"column":null}},"12":{"start":{"line":36,"column":8},"end":{"line":36,"column":null}},"13":{"start":{"line":38,"column":8},"end":{"line":38,"column":null}},"14":{"start":{"line":40,"column":8},"end":{"line":40,"column":null}},"15":{"start":{"line":42,"column":8},"end":{"line":42,"column":null}},"16":{"start":{"line":46,"column":2},"end":{"line":75,"column":null}},"17":{"start":{"line":49,"column":23},"end":{"line":49,"column":null}},"18":{"start":{"line":54,"column":48},"end":{"line":54,"column":76}},"19":{"start":{"line":63,"column":23},"end":{"line":63,"column":null}},"20":{"start":{"line":68,"column":49},"end":{"line":68,"column":77}}},"fnMap":{"0":{"name":"(anonymous_0)","decl":{"start":{"line":11,"column":27},"end":{"line":11,"column":28}},"loc":{"start":{"line":17,"column":24},"end":{"line":77,"column":null}},"line":17},"1":{"name":"(anonymous_1)","decl":{"start":{"line":18,"column":25},"end":{"line":18,"column":31}},"loc":{"start":{"line":18,"column":31},"end":{"line":25,"column":null}},"line":18},"2":{"name":"(anonymous_2)","decl":{"start":{"line":27,"column":26},"end":{"line":27,"column":27}},"loc":{"start":{"line":27,"column":49},"end":{"line":44,"column":null}},"line":27},"3":{"name":"(anonymous_3)","decl":{"start":{"line":49,"column":17},"end":{"line":49,"column":23}},"loc":{"start":{"line":49,"column":23},"end":{"line":49,"column":null}},"line":49},"4":{"name":"(anonymous_4)","decl":{"start":{"line":54,"column":33},"end":{"line":54,"column":34}},"loc":{"start":{"line":54,"column":48},"end":{"line":54,"column":76}},"line":54},"5":{"name":"(anonymous_5)","decl":{"start":{"line":63,"column":17},"end":{"line":63,"column":23}},"loc":{"start":{"line":63,"column":23},"end":{"line":63,"column":null}},"line":63},"6":{"name":"(anonymous_6)","decl":{"start":{"line":68,"column":34},"end":{"line":68,"column":35}},"loc":{"start":{"line":68,"column":49},"end":{"line":68,"column":77}},"line":68}},"branchMap":{"0":{"loc":{"start":{"line":19,"column":4},"end":{"line":24,"column":null}},"type":"switch","locations":[{"start":{"line":20,"column":6},"end":{"line":20,"column":null}},{"start":{"line":21,"column":6},"end":{"line":21,"column":null}},{"start":{"line":22,"column":6},"end":{"line":22,"column":null}},{"start":{"line":23,"column":6},"end":{"line":23,"column":null}}],"line":19},"1":{"loc":{"start":{"line":30,"column":4},"end":{"line":32,"column":null}},"type":"if","locations":[{"start":{"line":30,"column":4},"end":{"line":32,"column":null}},{"start":{},"end":{}}],"line":30},"2":{"loc":{"start":{"line":34,"column":4},"end":{"line":43,"column":null}},"type":"switch","locations":[{"start":{"line":35,"column":6},"end":{"line":36,"column":null}},{"start":{"line":37,"column":6},"end":{"line":38,"column":null}},{"start":{"line":39,"column":6},"end":{"line":40,"column":null}},{"start":{"line":41,"column":6},"end":{"line":42,"column":null}}],"line":34},"3":{"loc":{"start":{"line":52,"column":9},"end":{"line":57,"column":null}},"type":"cond-expr","locations":[{"start":{"line":53,"column":10},"end":{"line":55,"column":null}},{"start":{"line":57,"column":10},"end":{"line":57,"column":null}}],"line":52},"4":{"loc":{"start":{"line":66,"column":9},"end":{"line":71,"column":null}},"type":"cond-expr","locations":[{"start":{"line":67,"column":10},"end":{"line":69,"column":null}},{"start":{"line":71,"column":10},"end":{"line":71,"column":null}}],"line":66}},"s":{"0":1,"1":8,"2":16,"3":12,"4":2,"5":2,"6":0,"7":8,"8":16,"9":16,"10":8,"11":8,"12":6,"13":1,"14":1,"15":0,"16":8,"17":1,"18":0,"19":1,"20":2},"f":{"0":8,"1":16,"2":16,"3":1,"4":0,"5":1,"6":2},"b":{"0":[12,2,2,0],"1":[8,8],"2":[6,1,1,0],"3":[0,8],"4":[1,7]},"meta":{"lastBranch":5,"lastFunction":7,"lastStatement":21,"seen":{"s:11:27:77:Infinity":0,"f:11:27:11:28":0,"s:18:25:25:Infinity":1,"f:18:25:18:31":1,"b:20:6:20:Infinity:21:6:21:Infinity:22:6:22:Infinity:23:6:23:Infinity":0,"s:19:4:24:Infinity":2,"s:20:21:20:Infinity":3,"s:21:21:21:Infinity":4,"s:22:19:22:Infinity":5,"s:23:15:23:Infinity":6,"s:27:26:44:Infinity":7,"f:27:26:27:27":2,"s:28:24:28:Infinity":8,"b:30:4:32:Infinity:undefined:undefined:undefined:undefined":1,"s:30:4:32:Infinity":9,"s:31:6:31:Infinity":10,"b:35:6:36:Infinity:37:6:38:Infinity:39:6:40:Infinity:41:6:42:Infinity":2,"s:34:4:43:Infinity":11,"s:36:8:36:Infinity":12,"s:38:8:38:Infinity":13,"s:40:8:40:Infinity":14,"s:42:8:42:Infinity":15,"s:46:2:75:Infinity":16,"f:49:17:49:23":3,"s:49:23:49:Infinity":17,"b:53:10:55:Infinity:57:10:57:Infinity":3,"f:54:33:54:34":4,"s:54:48:54:76":18,"f:63:17:63:23":5,"s:63:23:63:Infinity":19,"b:67:10:69:Infinity:71:10:71:Infinity":4,"f:68:34:68:35":6,"s:68:49:68:77":20}}}
,"/Users/davidmonreal/Projects/handbol2026/frontend/src/components/match/shared/ZoneSelector.tsx": {"path":"/Users/davidmonreal/Projects/handbol2026/frontend/src/components/match/shared/ZoneSelector.tsx","statementMap":{"0":{"start":{"line":10,"column":28},"end":{"line":62,"column":null}},"1":{"start":{"line":11,"column":2},"end":{"line":62,"column":null}},"2":{"start":{"line":17,"column":10},"end":{"line":27,"column":null}},"3":{"start":{"line":19,"column":27},"end":{"line":19,"column":null}},"4":{"start":{"line":33,"column":10},"end":{"line":43,"column":null}},"5":{"start":{"line":35,"column":27},"end":{"line":35,"column":null}},"6":{"start":{"line":50,"column":27},"end":{"line":50,"column":null}}},"fnMap":{"0":{"name":"(anonymous_0)","decl":{"start":{"line":10,"column":28},"end":{"line":10,"column":29}},"loc":{"start":{"line":11,"column":2},"end":{"line":62,"column":null}},"line":11},"1":{"name":"(anonymous_1)","decl":{"start":{"line":16,"column":34},"end":{"line":16,"column":35}},"loc":{"start":{"line":17,"column":10},"end":{"line":27,"column":null}},"line":17},"2":{"name":"(anonymous_2)","decl":{"start":{"line":19,"column":21},"end":{"line":19,"column":27}},"loc":{"start":{"line":19,"column":27},"end":{"line":19,"column":null}},"line":19},"3":{"name":"(anonymous_3)","decl":{"start":{"line":32,"column":35},"end":{"line":32,"column":36}},"loc":{"start":{"line":33,"column":10},"end":{"line":43,"column":null}},"line":33},"4":{"name":"(anonymous_4)","decl":{"start":{"line":35,"column":21},"end":{"line":35,"column":27}},"loc":{"start":{"line":35,"column":27},"end":{"line":35,"column":null}},"line":35},"5":{"name":"(anonymous_5)","decl":{"start":{"line":50,"column":21},"end":{"line":50,"column":27}},"loc":{"start":{"line":50,"column":27},"end":{"line":50,"column":null}},"line":50}},"branchMap":{"0":{"loc":{"start":{"line":10,"column":59},"end":{"line":10,"column":79}},"type":"default-arg","locations":[{"start":{"line":10,"column":73},"end":{"line":10,"column":79}}],"line":10},"1":{"loc":{"start":{"line":21,"column":14},"end":{"line":23,"column":null}},"type":"cond-expr","locations":[{"start":{"line":22,"column":18},"end":{"line":22,"column":null}},{"start":{"line":23,"column":18},"end":{"line":23,"column":null}}],"line":21},"2":{"loc":{"start":{"line":37,"column":14},"end":{"line":39,"column":null}},"type":"cond-expr","locations":[{"start":{"line":38,"column":18},"end":{"line":38,"column":null}},{"start":{"line":39,"column":18},"end":{"line":39,"column":null}}],"line":37},"3":{"loc":{"start":{"line":47,"column":7},"end":{"line":59,"column":null}},"type":"binary-expr","locations":[{"start":{"line":47,"column":7},"end":{"line":47,"column":null}},{"start":{"line":48,"column":8},"end":{"line":59,"column":null}}],"line":47},"4":{"loc":{"start":{"line":52,"column":14},"end":{"line":54,"column":null}},"type":"cond-expr","locations":[{"start":{"line":53,"column":18},"end":{"line":53,"column":null}},{"start":{"line":54,"column":18},"end":{"line":54,"column":null}}],"line":52}},"s":{"0":1,"1":6,"2":30,"3":1,"4":18,"5":1,"6":1},"f":{"0":6,"1":30,"2":1,"3":18,"4":1,"5":1},"b":{"0":[6],"1":[1,29],"2":[0,18],"3":[6,5],"4":[0,5]},"meta":{"lastBranch":5,"lastFunction":6,"lastStatement":7,"seen":{"s:10:28:62:Infinity":0,"f:10:28:10:29":0,"s:11:2:62:Infinity":1,"b:10:73:10:79":0,"f:16:34:16:35":1,"s:17:10:27:Infinity":2,"f:19:21:19:27":2,"s:19:27:19:Infinity":3,"b:22:18:22:Infinity:23:18:23:Infinity":1,"f:32:35:32:36":3,"s:33:10:43:Infinity":4,"f:35:21:35:27":4,"s:35:27:35:Infinity":5,"b:38:18:38:Infinity:39:18:39:Infinity":2,"b:47:7:47:Infinity:48:8:59:Infinity":3,"f:50:21:50:27":5,"s:50:27:50:Infinity":6,"b:53:18:53:Infinity:54:18:54:Infinity":4}}}
,"/Users/davidmonreal/Projects/handbol2026/frontend/src/components/stats/FiltersBar.tsx": {"path":"/Users/davidmonreal/Projects/handbol2026/frontend/src/components/stats/FiltersBar.tsx","statementMap":{"0":{"start":{"line":20,"column":2},"end":{"line":105,"column":null}},"1":{"start":{"line":27,"column":25},"end":{"line":27,"column":null}},"2":{"start":{"line":38,"column":25},"end":{"line":38,"column":null}},"3":{"start":{"line":55,"column":25},"end":{"line":55,"column":null}},"4":{"start":{"line":66,"column":25},"end":{"line":66,"column":null}},"5":{"start":{"line":83,"column":25},"end":{"line":83,"column":null}},"6":{"start":{"line":94,"column":25},"end":{"line":94,"column":null}}},"fnMap":{"0":{"name":"FiltersBar","decl":{"start":{"line":12,"column":16},"end":{"line":12,"column":27}},"loc":{"start":{"line":19,"column":20},"end":{"line":107,"column":null}},"line":19},"1":{"name":"(anonymous_1)","decl":{"start":{"line":27,"column":19},"end":{"line":27,"column":25}},"loc":{"start":{"line":27,"column":25},"end":{"line":27,"column":null}},"line":27},"2":{"name":"(anonymous_2)","decl":{"start":{"line":38,"column":19},"end":{"line":38,"column":25}},"loc":{"start":{"line":38,"column":25},"end":{"line":38,"column":null}},"line":38},"3":{"name":"(anonymous_3)","decl":{"start":{"line":55,"column":19},"end":{"line":55,"column":25}},"loc":{"start":{"line":55,"column":25},"end":{"line":55,"column":null}},"line":55},"4":{"name":"(anonymous_4)","decl":{"start":{"line":66,"column":19},"end":{"line":66,"column":25}},"loc":{"start":{"line":66,"column":25},"end":{"line":66,"column":null}},"line":66},"5":{"name":"(anonymous_5)","decl":{"start":{"line":83,"column":19},"end":{"line":83,"column":25}},"loc":{"start":{"line":83,"column":25},"end":{"line":83,"column":null}},"line":83},"6":{"name":"(anonymous_6)","decl":{"start":{"line":94,"column":19},"end":{"line":94,"column":25}},"loc":{"start":{"line":94,"column":25},"end":{"line":94,"column":null}},"line":94}},"branchMap":{"0":{"loc":{"start":{"line":27,"column":45},"end":{"line":27,"column":86}},"type":"cond-expr","locations":[{"start":{"line":27,"column":74},"end":{"line":27,"column":81}},{"start":{"line":27,"column":81},"end":{"line":27,"column":86}}],"line":27},"1":{"loc":{"start":{"line":29,"column":12},"end":{"line":31,"column":null}},"type":"cond-expr","locations":[{"start":{"line":30,"column":16},"end":{"line":30,"column":null}},{"start":{"line":31,"column":16},"end":{"line":31,"column":null}}],"line":29},"2":{"loc":{"start":{"line":38,"column":45},"end":{"line":38,"column":84}},"type":"cond-expr","locations":[{"start":{"line":38,"column":73},"end":{"line":38,"column":80}},{"start":{"line":38,"column":80},"end":{"line":38,"column":84}}],"line":38},"3":{"loc":{"start":{"line":40,"column":12},"end":{"line":42,"column":null}},"type":"cond-expr","locations":[{"start":{"line":41,"column":16},"end":{"line":41,"column":null}},{"start":{"line":42,"column":16},"end":{"line":42,"column":null}}],"line":40},"4":{"loc":{"start":{"line":55,"column":45},"end":{"line":55,"column":86}},"type":"cond-expr","locations":[{"start":{"line":55,"column":74},"end":{"line":55,"column":81}},{"start":{"line":55,"column":81},"end":{"line":55,"column":86}}],"line":55},"5":{"loc":{"start":{"line":57,"column":12},"end":{"line":59,"column":null}},"type":"cond-expr","locations":[{"start":{"line":58,"column":16},"end":{"line":58,"column":null}},{"start":{"line":59,"column":16},"end":{"line":59,"column":null}}],"line":57},"6":{"loc":{"start":{"line":66,"column":45},"end":{"line":66,"column":84}},"type":"cond-expr","locations":[{"start":{"line":66,"column":73},"end":{"line":66,"column":80}},{"start":{"line":66,"column":80},"end":{"line":66,"column":84}}],"line":66},"7":{"loc":{"start":{"line":68,"column":12},"end":{"line":70,"column":null}},"type":"cond-expr","locations":[{"start":{"line":69,"column":16},"end":{"line":69,"column":null}},{"start":{"line":70,"column":16},"end":{"line":70,"column":null}}],"line":68},"8":{"loc":{"start":{"line":83,"column":48},"end":{"line":83,"column":92}},"type":"cond-expr","locations":[{"start":{"line":83,"column":80},"end":{"line":83,"column":87}},{"start":{"line":83,"column":87},"end":{"line":83,"column":92}}],"line":83},"9":{"loc":{"start":{"line":85,"column":12},"end":{"line":87,"column":null}},"type":"cond-expr","locations":[{"start":{"line":86,"column":16},"end":{"line":86,"column":null}},{"start":{"line":87,"column":16},"end":{"line":87,"column":null}}],"line":85},"10":{"loc":{"start":{"line":94,"column":48},"end":{"line":94,"column":90}},"type":"cond-expr","locations":[{"start":{"line":94,"column":79},"end":{"line":94,"column":86}},{"start":{"line":94,"column":86},"end":{"line":94,"column":90}}],"line":94},"11":{"loc":{"start":{"line":96,"column":12},"end":{"line":98,"column":null}},"type":"cond-expr","locations":[{"start":{"line":97,"column":16},"end":{"line":97,"column":null}},{"start":{"line":98,"column":16},"end":{"line":98,"column":null}}],"line":96}},"s":{"0":11,"1":0,"2":0,"3":0,"4":0,"5":0,"6":0},"f":{"0":11,"1":0,"2":0,"3":0,"4":0,"5":0,"6":0},"b":{"0":[0,0],"1":[0,11],"2":[0,0],"3":[0,11],"4":[0,0],"5":[0,11],"6":[0,0],"7":[0,11],"8":[0,0],"9":[0,11],"10":[0,0],"11":[0,11]},"meta":{"lastBranch":12,"lastFunction":7,"lastStatement":7,"seen":{"f:12:16:12:27":0,"s:20:2:105:Infinity":0,"f:27:19:27:25":1,"s:27:25:27:Infinity":1,"b:27:74:27:81:27:81:27:86":0,"b:30:16:30:Infinity:31:16:31:Infinity":1,"f:38:19:38:25":2,"s:38:25:38:Infinity":2,"b:38:73:38:80:38:80:38:84":2,"b:41:16:41:Infinity:42:16:42:Infinity":3,"f:55:19:55:25":3,"s:55:25:55:Infinity":3,"b:55:74:55:81:55:81:55:86":4,"b:58:16:58:Infinity:59:16:59:Infinity":5,"f:66:19:66:25":4,"s:66:25:66:Infinity":4,"b:66:73:66:80:66:80:66:84":6,"b:69:16:69:Infinity:70:16:70:Infinity":7,"f:83:19:83:25":5,"s:83:25:83:Infinity":5,"b:83:80:83:87:83:87:83:92":8,"b:86:16:86:Infinity:87:16:87:Infinity":9,"f:94:19:94:25":6,"s:94:25:94:Infinity":6,"b:94:79:94:86:94:86:94:90":10,"b:97:16:97:Infinity:98:16:98:Infinity":11}}}
,"/Users/davidmonreal/Projects/handbol2026/frontend/src/components/stats/GoalHeatmap.tsx": {"path":"/Users/davidmonreal/Projects/handbol2026/frontend/src/components/stats/GoalHeatmap.tsx","statementMap":{"0":{"start":{"line":8,"column":2},"end":{"line":43,"column":null}},"1":{"start":{"line":15,"column":24},"end":{"line":15,"column":null}},"2":{"start":{"line":16,"column":10},"end":{"line":16,"column":null}},"3":{"start":{"line":16,"column":22},"end":{"line":16,"column":null}},"4":{"start":{"line":18,"column":54},"end":{"line":18,"column":null}},"5":{"start":{"line":19,"column":28},"end":{"line":19,"column":null}},"6":{"start":{"line":22,"column":24},"end":{"line":22,"column":null}},"7":{"start":{"line":24,"column":10},"end":{"line":36,"column":null}}},"fnMap":{"0":{"name":"GoalHeatmap","decl":{"start":{"line":7,"column":16},"end":{"line":7,"column":28}},"loc":{"start":{"line":7,"column":105},"end":{"line":45,"column":null}},"line":7},"1":{"name":"(anonymous_1)","decl":{"start":{"line":14,"column":41},"end":{"line":14,"column":51}},"loc":{"start":{"line":14,"column":51},"end":{"line":38,"column":9}},"line":14}},"branchMap":{"0":{"loc":{"start":{"line":7,"column":47},"end":{"line":7,"column":63}},"type":"default-arg","locations":[{"start":{"line":7,"column":59},"end":{"line":7,"column":63}}],"line":7},"1":{"loc":{"start":{"line":7,"column":63},"end":{"line":7,"column":84}},"type":"default-arg","locations":[{"start":{"line":7,"column":78},"end":{"line":7,"column":84}}],"line":7},"2":{"loc":{"start":{"line":11,"column":9},"end":{"line":11,"column":null}},"type":"cond-expr","locations":[{"start":{"line":11,"column":24},"end":{"line":11,"column":62}},{"start":{"line":11,"column":62},"end":{"line":11,"column":null}}],"line":11},"3":{"loc":{"start":{"line":16,"column":10},"end":{"line":16,"column":null}},"type":"if","locations":[{"start":{"line":16,"column":10},"end":{"line":16,"column":null}},{"start":{},"end":{}}],"line":16},"4":{"loc":{"start":{"line":22,"column":24},"end":{"line":22,"column":null}},"type":"cond-expr","locations":[{"start":{"line":22,"column":39},"end":{"line":22,"column":47}},{"start":{"line":22,"column":47},"end":{"line":22,"column":null}}],"line":22},"5":{"loc":{"start":{"line":34,"column":17},"end":{"line":34,"column":null}},"type":"cond-expr","locations":[{"start":{"line":34,"column":29},"end":{"line":34,"column":59}},{"start":{"line":34,"column":59},"end":{"line":34,"column":null}}],"line":34},"6":{"loc":{"start":{"line":41,"column":9},"end":{"line":41,"column":null}},"type":"cond-expr","locations":[{"start":{"line":41,"column":24},"end":{"line":41,"column":52}},{"start":{"line":41,"column":52},"end":{"line":41,"column":null}}],"line":41}},"s":{"0":11,"1":99,"2":99,"3":0,"4":99,"5":99,"6":99,"7":99},"f":{"0":11,"1":99},"b":{"0":[11],"1":[11],"2":[0,11],"3":[0,99],"4":[0,99],"5":[12,87],"6":[0,11]},"meta":{"lastBranch":7,"lastFunction":2,"lastStatement":8,"seen":{"f:7:16:7:28":0,"b:7:59:7:63":0,"b:7:78:7:84":1,"s:8:2:43:Infinity":0,"b:11:24:11:62:11:62:11:Infinity":2,"f:14:41:14:51":1,"s:15:24:15:Infinity":1,"b:16:10:16:Infinity:undefined:undefined:undefined:undefined":3,"s:16:10:16:Infinity":2,"s:16:22:16:Infinity":3,"s:18:54:18:Infinity":4,"s:19:28:19:Infinity":5,"s:22:24:22:Infinity":6,"b:22:39:22:47:22:47:22:Infinity":4,"s:24:10:36:Infinity":7,"b:34:29:34:59:34:59:34:Infinity":5,"b:41:24:41:52:41:52:41:Infinity":6}}}
[...]
,"/Users/davidmonreal/Projects/handbol2026/frontend/src/context/MatchContext.tsx": {"path":"/Users/davidmonreal/Projects/handbol2026/frontend/src/context/MatchContext.tsx","statementMap":{"0":{"start":{"line":48,"column":6},"end":{"line":48,"column":null}},"1":{"start":{"line":50,"column":29},"end":{"line":206,"column":null}},"2":{"start":{"line":51,"column":32},"end":{"line":51,"column":null}},"3":{"start":{"line":52,"column":38},"end":{"line":52,"column":null}},"4":{"start":{"line":53,"column":32},"end":{"line":53,"column":null}},"5":{"start":{"line":54,"column":22},"end":{"line":54,"column":null}},"6":{"start":{"line":55,"column":26},"end":{"line":55,"column":null}},"7":{"start":{"line":56,"column":38},"end":{"line":56,"column":null}},"8":{"start":{"line":57,"column":46},"end":{"line":57,"column":null}},"9":{"start":{"line":58,"column":30},"end":{"line":58,"column":null}},"10":{"start":{"line":59,"column":36},"end":{"line":59,"column":null}},"11":{"start":{"line":60,"column":28},"end":{"line":60,"column":null}},"12":{"start":{"line":61,"column":66},"end":{"line":61,"column":null}},"13":{"start":{"line":63,"column":19},"end":{"line":104,"column":null}},"14":{"start":{"line":65,"column":4},"end":{"line":65,"column":null}},"15":{"start":{"line":65,"column":22},"end":{"line":65,"column":38}},"16":{"start":{"line":68,"column":4},"end":{"line":71,"column":null}},"17":{"start":{"line":69,"column":6},"end":{"line":70,"column":null}},"18":{"start":{"line":69,"column":41},"end":{"line":69,"column":null}},"19":{"start":{"line":69,"column":59},"end":{"line":69,"column":64}},"20":{"start":{"line":69,"column":64},"end":{"line":70,"column":null}},"21":{"start":{"line":70,"column":49},"end":{"line":70,"column":null}},"22":{"start":{"line":70,"column":70},"end":{"line":70,"column":75}},"23":{"start":{"line":74,"column":4},"end":{"line":103,"column":null}},"24":{"start":{"line":75,"column":6},"end":{"line":102,"column":null}},"25":{"start":{"line":76,"column":25},"end":{"line":95,"column":null}},"26":{"start":{"line":97,"column":8},"end":{"line":99,"column":null}},"27":{"start":{"line":98,"column":10},"end":{"line":98,"column":null}},"28":{"start":{"line":101,"column":8},"end":{"line":101,"column":null}},"29":{"start":{"line":106,"column":8},"end":{"line":185,"column":null}},"30":{"start":{"line":107,"column":4},"end":{"line":107,"column":null}},"31":{"start":{"line":108,"column":4},"end":{"line":108,"column":null}},"32":{"start":{"line":109,"column":4},"end":{"line":109,"column":null}},"33":{"start":{"line":110,"column":4},"end":{"line":110,"column":null}},"34":{"start":{"line":113,"column":4},"end":{"line":179,"column":null}},"35":{"start":{"line":114,"column":23},"end":{"line":114,"column":null}},"36":{"start":{"line":115,"column":6},"end":{"line":173,"column":null}},"37":{"start":{"line":135,"column":46},"end":{"line":135,"column":null}},"38":{"start":{"line":138,"column":48},"end":{"line":154,"column":null}},"39":{"start":{"line":138,"column":74},"end":{"line":154,"column":10}},"40":{"start":{"line":156,"column":8},"end":{"line":156,"column":null}},"41":{"start":{"line":159,"column":26},"end":{"line":161,"column":null}},"42":{"start":{"line":160,"column":10},"end":{"line":160,"column":null}},"43":{"start":{"line":162,"column":29},"end":{"line":164,"column":null}},"44":{"start":{"line":163,"column":10},"end":{"line":163,"column":null}},"45":{"start":{"line":166,"column":8},"end":{"line":166,"column":null}},"46":{"start":{"line":167,"column":8},"end":{"line":167,"column":null}},"47":{"start":{"line":170,"column":8},"end":{"line":170,"column":null}},"48":{"start":{"line":171,"column":8},"end":{"line":171,"column":null}},"49":{"start":{"line":172,"column":8},"end":{"line":172,"column":null}},"50":{"start":{"line":175,"column":6},"end":{"line":175,"column":null}},"51":{"start":{"line":176,"column":6},"end":{"line":176,"column":null}},"52":{"start":{"line":177,"column":6},"end":{"line":177,"column":null}},"53":{"start":{"line":178,"column":6},"end":{"line":178,"column":null}},"54":{"start":{"line":181,"column":4},"end":{"line":181,"column":null}},"55":{"start":{"line":182,"column":4},"end":{"line":182,"column":null}},"56":{"start":{"line":183,"column":4},"end":{"line":183,"column":null}},"57":{"start":{"line":184,"column":4},"end":{"line":184,"column":null}},"58":{"start":{"line":187,"column":2},"end":{"line":204,"column":null}},"59":{"start":{"line":208,"column":24},"end":{"line":214,"column":null}},"60":{"start":{"line":209,"column":8},"end":{"line":209,"column":null}},"61":{"start":{"line":210,"column":2},"end":{"line":212,"column":null}},"62":{"start":{"line":211,"column":4},"end":{"line":211,"column":null}},"63":{"start":{"line":213,"column":2},"end":{"line":213,"column":null}}},"fnMap":{"0":{"name":"(anonymous_0)","decl":{"start":{"line":50,"column":29},"end":{"line":50,"column":30}},"loc":{"start":{"line":50,"column":72},"end":{"line":206,"column":null}},"line":50},"1":{"name":"(anonymous_1)","decl":{"start":{"line":63,"column":19},"end":{"line":63,"column":26}},"loc":{"start":{"line":63,"column":48},"end":{"line":104,"column":null}},"line":63},"2":{"name":"(anonymous_2)","decl":{"start":{"line":65,"column":14},"end":{"line":65,"column":22}},"loc":{"start":{"line":65,"column":22},"end":{"line":65,"column":38}},"line":65},"3":{"name":"(anonymous_3)","decl":{"start":{"line":69,"column":54},"end":{"line":69,"column":59}},"loc":{"start":{"line":69,"column":59},"end":{"line":69,"column":64}},"line":69},"4":{"name":"(anonymous_4)","decl":{"start":{"line":70,"column":65},"end":{"line":70,"column":70}},"loc":{"start":{"line":70,"column":70},"end":{"line":70,"column":75}},"line":70},"5":{"name":"(anonymous_5)","decl":{"start":{"line":106,"column":35},"end":{"line":106,"column":42}},"loc":{"start":{"line":106,"column":84},"end":{"line":185,"column":5}},"line":106},"6":{"name":"(anonymous_6)","decl":{"start":{"line":138,"column":66},"end":{"line":138,"column":67}},"loc":{"start":{"line":138,"column":74},"end":{"line":154,"column":10}},"line":138},"7":{"name":"(anonymous_7)","decl":{"start":{"line":159,"column":51},"end":{"line":159,"column":null}},"loc":{"start":{"line":160,"column":10},"end":{"line":160,"column":null}},"line":160},"8":{"name":"(anonymous_8)","decl":{"start":{"line":162,"column":54},"end":{"line":162,"column":null}},"loc":{"start":{"line":163,"column":10},"end":{"line":163,"column":null}},"line":163},"9":{"name":"(anonymous_9)","decl":{"start":{"line":208,"column":24},"end":{"line":208,"column":30}},"loc":{"start":{"line":208,"column":30},"end":{"line":214,"column":null}},"line":208}},"branchMap":{"0":{"loc":{"start":{"line":68,"column":4},"end":{"line":71,"column":null}},"type":"if","locations":[{"start":{"line":68,"column":4},"end":{"line":71,"column":null}},{"start":{},"end":{}}],"line":68},"1":{"loc":{"start":{"line":68,"column":8},"end":{"line":68,"column":62}},"type":"binary-expr","locations":[{"start":{"line":68,"column":8},"end":{"line":68,"column":37}},{"start":{"line":68,"column":37},"end":{"line":68,"column":62}}],"line":68},"2":{"loc":{"start":{"line":69,"column":6},"end":{"line":70,"column":null}},"type":"if","locations":[{"start":{"line":69,"column":6},"end":{"line":70,"column":null}},{"start":{"line":69,"column":64},"end":{"line":70,"column":null}}],"line":69},"3":{"loc":{"start":{"line":69,"column":64},"end":{"line":70,"column":null}},"type":"if","locations":[{"start":{"line":69,"column":64},"end":{"line":70,"column":null}},{"start":{},"end":{}}],"line":69},"4":{"loc":{"start":{"line":74,"column":4},"end":{"line":103,"column":null}},"type":"if","locations":[{"start":{"line":74,"column":4},"end":{"line":103,"column":null}},{"start":{},"end":{}}],"line":74},"5":{"loc":{"start":{"line":97,"column":8},"end":{"line":99,"column":null}},"type":"if","locations":[{"start":{"line":97,"column":8},"end":{"line":99,"column":null}},{"start":{},"end":{}}],"line":97},"6":{"loc":{"start":{"line":115,"column":6},"end":{"line":173,"column":null}},"type":"if","locations":[{"start":{"line":115,"column":6},"end":{"line":173,"column":null}},{"start":{"line":168,"column":13},"end":{"line":173,"column":null}}],"line":115},"7":{"loc":{"start":{"line":142,"column":22},"end":{"line":142,"column":null}},"type":"binary-expr","locations":[{"start":{"line":142,"column":22},"end":{"line":142,"column":40}},{"start":{"line":142,"column":40},"end":{"line":142,"column":null}}],"line":142},"8":{"loc":{"start":{"line":143,"column":24},"end":{"line":143,"column":null}},"type":"binary-expr","locations":[{"start":{"line":143,"column":24},"end":{"line":143,"column":44}},{"start":{"line":143,"column":44},"end":{"line":143,"column":null}}],"line":143},"9":{"loc":{"start":{"line":146,"column":18},"end":{"line":146,"column":null}},"type":"binary-expr","locations":[{"start":{"line":146,"column":18},"end":{"line":146,"column":31}},{"start":{"line":146,"column":31},"end":{"line":146,"column":null}}],"line":146},"10":{"loc":{"start":{"line":149,"column":24},"end":{"line":149,"column":null}},"type":"binary-expr","locations":[{"start":{"line":149,"column":24},"end":{"line":149,"column":42}},{"start":{"line":149,"column":42},"end":{"line":149,"column":null}}],"line":149},"11":{"loc":{"start":{"line":150,"column":25},"end":{"line":150,"column":null}},"type":"binary-expr","locations":[{"start":{"line":150,"column":25},"end":{"line":150,"column":44}},{"start":{"line":150,"column":44},"end":{"line":150,"column":null}}],"line":150},"12":{"loc":{"start":{"line":151,"column":27},"end":{"line":151,"column":null}},"type":"binary-expr","locations":[{"start":{"line":151,"column":27},"end":{"line":151,"column":48}},{"start":{"line":151,"column":48},"end":{"line":151,"column":null}}],"line":151},"13":{"loc":{"start":{"line":160,"column":10},"end":{"line":160,"column":null}},"type":"binary-expr","locations":[{"start":{"line":160,"column":10},"end":{"line":160,"column":35}},{"start":{"line":160,"column":35},"end":{"line":160,"column":58}},{"start":{"line":160,"column":58},"end":{"line":160,"column":null}}],"line":160},"14":{"loc":{"start":{"line":163,"column":10},"end":{"line":163,"column":null}},"type":"binary-expr","locations":[{"start":{"line":163,"column":10},"end":{"line":163,"column":35}},{"start":{"line":163,"column":35},"end":{"line":163,"column":58}},{"start":{"line":163,"column":58},"end":{"line":163,"column":null}}],"line":163},"15":{"loc":{"start":{"line":210,"column":2},"end":{"line":212,"column":null}},"type":"if","locations":[{"start":{"line":210,"column":2},"end":{"line":212,"column":null}},{"start":{},"end":{}}],"line":210}},"s":{"0":1,"1":1,"2":2,"3":2,"4":2,"5":2,"6":2,"7":2,"8":2,"9":2,"10":2,"11":2,"12":2,"13":2,"14":0,"15":0,"16":0,"17":0,"18":0,"19":0,"20":0,"21":0,"22":0,"23":0,"24":0,"25":0,"26":0,"27":0,"28":0,"29":2,"30":0,"31":0,"32":0,"33":0,"34":0,"35":0,"36":0,"37":0,"38":0,"39":0,"40":0,"41":0,"42":0,"43":0,"44":0,"45":0,"46":0,"47":0,"48":0,"49":0,"50":0,"51":0,"52":0,"53":0,"54":0,"55":0,"56":0,"57":0,"58":2,"59":1,"60":6,"61":6,"62":0,"63":6},"f":{"0":2,"1":0,"2":0,"3":0,"4":0,"5":0,"6":0,"7":0,"8":0,"9":6},"b":{"0":[0,0],"1":[0,0],"2":[0,0],"3":[0,0],"4":[0,0],"5":[0,0],"6":[0,0],"7":[0,0],"8":[0,0],"9":[0,0],"10":[0,0],"11":[0,0],"12":[0,0],"13":[0,0,0],"14":[0,0,0],"15":[0,6]},"meta":{"lastBranch":16,"lastFunction":10,"lastStatement":64,"seen":{"s:48:6:48:Infinity":0,"s:50:29:206:Infinity":1,"f:50:29:50:30":0,"s:51:32:51:Infinity":2,"s:52:38:52:Infinity":3,"s:53:32:53:Infinity":4,"s:54:22:54:Infinity":5,"s:55:26:55:Infinity":6,"s:56:38:56:Infinity":7,"s:57:46:57:Infinity":8,"s:58:30:58:Infinity":9,"s:59:36:59:Infinity":10,"s:60:28:60:Infinity":11,"s:61:66:61:Infinity":12,"s:63:19:104:Infinity":13,"f:63:19:63:26":1,"s:65:4:65:Infinity":14,"f:65:14:65:22":2,"s:65:22:65:38":15,"b:68:4:71:Infinity:undefined:undefined:undefined:undefined":0,"s:68:4:71:Infinity":16,"b:68:8:68:37:68:37:68:62":1,"b:69:6:70:Infinity:69:64:70:Infinity":2,"s:69:6:70:Infinity":17,"s:69:41:69:Infinity":18,"f:69:54:69:59":3,"s:69:59:69:64":19,"b:69:64:70:Infinity:undefined:undefined:undefined:undefined":3,"s:69:64:70:Infinity":20,"s:70:49:70:Infinity":21,"f:70:65:70:70":4,"s:70:70:70:75":22,"b:74:4:103:Infinity:undefined:undefined:undefined:undefined":4,"s:74:4:103:Infinity":23,"s:75:6:102:Infinity":24,"s:76:25:95:Infinity":25,"b:97:8:99:Infinity:undefined:undefined:undefined:undefined":5,"s:97:8:99:Infinity":26,"s:98:10:98:Infinity":27,"s:101:8:101:Infinity":28,"s:106:8:185:Infinity":29,"f:106:35:106:42":5,"s:107:4:107:Infinity":30,"s:108:4:108:Infinity":31,"s:109:4:109:Infinity":32,"s:110:4:110:Infinity":33,"s:113:4:179:Infinity":34,"s:114:23:114:Infinity":35,"b:115:6:173:Infinity:168:13:173:Infinity":6,"s:115:6:173:Infinity":36,"s:135:46:135:Infinity":37,"s:138:48:154:Infinity":38,"f:138:66:138:67":6,"s:138:74:154:10":39,"b:142:22:142:40:142:40:142:Infinity":7,"b:143:24:143:44:143:44:143:Infinity":8,"b:146:18:146:31:146:31:146:Infinity":9,"b:149:24:149:42:149:42:149:Infinity":10,"b:150:25:150:44:150:44:150:Infinity":11,"b:151:27:151:48:151:48:151:Infinity":12,"s:156:8:156:Infinity":40,"s:159:26:161:Infinity":41,"f:159:51:159:Infinity":7,"s:160:10:160:Infinity":42,"b:160:10:160:35:160:35:160:58:160:58:160:Infinity":13,"s:162:29:164:Infinity":43,"f:162:54:162:Infinity":8,"s:163:10:163:Infinity":44,"b:163:10:163:35:163:35:163:58:163:58:163:Infinity":14,"s:166:8:166:Infinity":45,"s:167:8:167:Infinity":46,"s:170:8:170:Infinity":47,"s:171:8:171:Infinity":48,"s:172:8:172:Infinity":49,"s:175:6:175:Infinity":50,"s:176:6:176:Infinity":51,"s:177:6:177:Infinity":52,"s:178:6:178:Infinity":53,"s:181:4:181:Infinity":54,"s:182:4:182:Infinity":55,"s:183:4:183:Infinity":56,"s:184:4:184:Infinity":57,"s:187:2:204:Infinity":58,"s:208:24:214:Infinity":59,"f:208:24:208:30":9,"s:209:8:209:Infinity":60,"b:210:2:212:Infinity:undefined:undefined:undefined:undefined":15,"s:210:2:212:Infinity":61,"s:211:4:211:Infinity":62,"s:213:2:213:Infinity":63}}}
,"/Users/davidmonreal/Projects/handbol2026/frontend/src/data/mockData.ts": {"path":"/Users/davidmonreal/Projects/handbol2026/frontend/src/data/mockData.ts","statementMap":{"0":{"start":{"line":17,"column":31},"end":{"line":31,"column":null}},"1":{"start":{"line":33,"column":34},"end":{"line":47,"column":null}}},"fnMap":{},"branchMap":{},"s":{"0":1,"1":1},"f":{},"b":{},"meta":{"lastBranch":0,"lastFunction":0,"lastStatement":2,"seen":{"s:17:31:31:Infinity":0,"s:33:34:47:Infinity":1}}}
,"/Users/davidmonreal/Projects/handbol2026/frontend/src/utils/eventTransformers.ts": {"path":"/Users/davidmonreal/Projects/handbol2026/frontend/src/utils/eventTransformers.ts","statementMap":{"0":{"start":{"line":6,"column":32},"end":{"line":14,"column":null}},"1":{"start":{"line":7,"column":4},"end":{"line":7,"column":null}},"2":{"start":{"line":7,"column":15},"end":{"line":7,"column":null}},"3":{"start":{"line":8,"column":44},"end":{"line":12,"column":null}},"4":{"start":{"line":13,"column":4},"end":{"line":13,"column":null}},"5":{"start":{"line":19,"column":38},"end":{"line":27,"column":null}},"6":{"start":{"line":20,"column":4},"end":{"line":20,"column":null}},"7":{"start":{"line":20,"column":32},"end":{"line":20,"column":null}},"8":{"start":{"line":23,"column":4},"end":{"line":23,"column":null}},"9":{"start":{"line":23,"column":27},"end":{"line":23,"column":null}},"10":{"start":{"line":25,"column":27},"end":{"line":25,"column":null}},"11":{"start":{"line":26,"column":4},"end":{"line":26,"column":null}},"12":{"start":{"line":32,"column":37},"end":{"line":53,"column":null}},"13":{"start":{"line":32,"column":62},"end":{"line":53,"column":null}},"14":{"start":{"line":58,"column":38},"end":{"line":60,"column":null}},"15":{"start":{"line":59,"column":4},"end":{"line":59,"column":null}}},"fnMap":{"0":{"name":"(anonymous_0)","decl":{"start":{"line":6,"column":32},"end":{"line":6,"column":33}},"loc":{"start":{"line":6,"column":77},"end":{"line":14,"column":null}},"line":6},"1":{"name":"(anonymous_1)","decl":{"start":{"line":19,"column":38},"end":{"line":19,"column":39}},"loc":{"start":{"line":19,"column":97},"end":{"line":27,"column":null}},"line":19},"2":{"name":"(anonymous_2)","decl":{"start":{"line":32,"column":37},"end":{"line":32,"column":38}},"loc":{"start":{"line":32,"column":62},"end":{"line":53,"column":null}},"line":32},"3":{"name":"(anonymous_3)","decl":{"start":{"line":58,"column":38},"end":{"line":58,"column":39}},"loc":{"start":{"line":58,"column":71},"end":{"line":60,"column":null}},"line":58}},"branchMap":{"0":{"loc":{"start":{"line":7,"column":4},"end":{"line":7,"column":null}},"type":"if","locations":[{"start":{"line":7,"column":4},"end":{"line":7,"column":null}},{"start":{},"end":{}}],"line":7},"1":{"loc":{"start":{"line":20,"column":4},"end":{"line":20,"column":null}},"type":"if","locations":[{"start":{"line":20,"column":4},"end":{"line":20,"column":null}},{"start":{},"end":{}}],"line":20},"2":{"loc":{"start":{"line":20,"column":8},"end":{"line":20,"column":32}},"type":"binary-expr","locations":[{"start":{"line":20,"column":8},"end":{"line":20,"column":21}},{"start":{"line":20,"column":21},"end":{"line":20,"column":32}}],"line":20},"3":{"loc":{"start":{"line":23,"column":4},"end":{"line":23,"column":null}},"type":"if","locations":[{"start":{"line":23,"column":4},"end":{"line":23,"column":null}},{"start":{},"end":{}}],"line":23},"4":{"loc":{"start":{"line":25,"column":27},"end":{"line":25,"column":null}},"type":"cond-expr","locations":[{"start":{"line":25,"column":47},"end":{"line":25,"column":54}},{"start":{"line":25,"column":54},"end":{"line":25,"column":null}}],"line":25},"5":{"loc":{"start":{"line":40,"column":13},"end":{"line":40,"column":null}},"type":"cond-expr","locations":[{"start":{"line":40,"column":56},"end":{"line":40,"column":74}},{"start":{"line":40,"column":74},"end":{"line":40,"column":null}}],"line":40},"6":{"loc":{"start":{"line":40,"column":13},"end":{"line":40,"column":56}},"type":"binary-expr","locations":[{"start":{"line":40,"column":13},"end":{"line":40,"column":38}},{"start":{"line":40,"column":38},"end":{"line":40,"column":56}}],"line":40},"7":{"loc":{"start":{"line":40,"column":74},"end":{"line":40,"column":null}},"type":"binary-expr","locations":[{"start":{"line":40,"column":74},"end":{"line":40,"column":87}},{"start":{"line":40,"column":87},"end":{"line":40,"column":null}}],"line":40}},"s":{"0":2,"1":9,"2":6,"3":3,"4":3,"5":2,"6":9,"7":6,"8":3,"9":0,"10":3,"11":9,"12":2,"13":9,"14":2,"15":3},"f":{"0":9,"1":9,"2":9,"3":3},"b":{"0":[6,3],"1":[6,3],"2":[9,3],"3":[0,3],"4":[2,1],"5":[0,9],"6":[9,2],"7":[9,4]},"meta":{"lastBranch":8,"lastFunction":4,"lastStatement":16,"seen":{"s:6:32:14:Infinity":0,"f:6:32:6:33":0,"b:7:4:7:Infinity:undefined:undefined:undefined:undefined":0,"s:7:4:7:Infinity":1,"s:7:15:7:Infinity":2,"s:8:44:12:Infinity":3,"s:13:4:13:Infinity":4,"s:19:38:27:Infinity":5,"f:19:38:19:39":1,"b:20:4:20:Infinity:undefined:undefined:undefined:undefined":1,"s:20:4:20:Infinity":6,"b:20:8:20:21:20:21:20:32":2,"s:20:32:20:Infinity":7,"b:23:4:23:Infinity:undefined:undefined:undefined:undefined":3,"s:23:4:23:Infinity":8,"s:23:27:23:Infinity":9,"s:25:27:25:Infinity":10,"b:25:47:25:54:25:54:25:Infinity":4,"s:26:4:26:Infinity":11,"s:32:37:53:Infinity":12,"f:32:37:32:38":2,"s:32:62:53:Infinity":13,"b:40:56:40:74:40:74:40:Infinity":5,"b:40:13:40:38:40:38:40:56":6,"b:40:74:40:87:40:87:40:Infinity":7,"s:58:38:60:Infinity":14,"f:58:38:58:39":3,"s:59:4:59:Infinity":15}}}
}
