{"/Users/davidmonreal/Projects/handbol2026/frontend/src/components/match/FlowSelector.tsx": {"path":"/Users/davidmonreal/Projects/handbol2026/frontend/src/components/match/FlowSelector.tsx","statementMap":{"0":{"start":{"line":11,"column":28},"end":{"line":53,"column":null}},"1":{"start":{"line":12,"column":2},"end":{"line":21,"column":null}},"2":{"start":{"line":13,"column":4},"end":{"line":19,"column":null}},"3":{"start":{"line":23,"column":2},"end":{"line":51,"column":null}},"4":{"start":{"line":30,"column":25},"end":{"line":30,"column":null}},"5":{"start":{"line":37,"column":25},"end":{"line":37,"column":null}},"6":{"start":{"line":44,"column":25},"end":{"line":44,"column":null}}},"fnMap":{"0":{"name":"(anonymous_0)","decl":{"start":{"line":11,"column":28},"end":{"line":11,"column":29}},"loc":{"start":{"line":11,"column":91},"end":{"line":53,"column":null}},"line":11},"1":{"name":"(anonymous_1)","decl":{"start":{"line":30,"column":19},"end":{"line":30,"column":25}},"loc":{"start":{"line":30,"column":25},"end":{"line":30,"column":null}},"line":30},"2":{"name":"(anonymous_2)","decl":{"start":{"line":37,"column":19},"end":{"line":37,"column":25}},"loc":{"start":{"line":37,"column":25},"end":{"line":37,"column":null}},"line":37},"3":{"name":"(anonymous_3)","decl":{"start":{"line":44,"column":19},"end":{"line":44,"column":25}},"loc":{"start":{"line":44,"column":25},"end":{"line":44,"column":null}},"line":44}},"branchMap":{"0":{"loc":{"start":{"line":12,"column":2},"end":{"line":21,"column":null}},"type":"if","locations":[{"start":{"line":12,"column":2},"end":{"line":21,"column":null}},{"start":{},"end":{}}],"line":12},"1":{"loc":{"start":{"line":18,"column":14},"end":{"line":18,"column":null}},"type":"cond-expr","locations":[{"start":{"line":18,"column":36},"end":{"line":18,"column":45}},{"start":{"line":18,"column":45},"end":{"line":18,"column":null}}],"line":18},"2":{"loc":{"start":{"line":18,"column":45},"end":{"line":18,"column":null}},"type":"cond-expr","locations":[{"start":{"line":18,"column":71},"end":{"line":18,"column":87}},{"start":{"line":18,"column":87},"end":{"line":18,"column":null}}],"line":18}},"s":{"0":1,"1":4,"2":2,"3":2,"4":1,"5":0,"6":0},"f":{"0":4,"1":1,"2":0,"3":0},"b":{"0":[2,2],"1":[2,0],"2":[0,0]},"meta":{"lastBranch":3,"lastFunction":4,"lastStatement":7,"seen":{"s:11:28:53:Infinity":0,"f:11:28:11:29":0,"b:12:2:21:Infinity:undefined:undefined:undefined:undefined":0,"s:12:2:21:Infinity":1,"s:13:4:19:Infinity":2,"b:18:36:18:45:18:45:18:Infinity":1,"b:18:71:18:87:18:87:18:Infinity":2,"s:23:2:51:Infinity":3,"f:30:19:30:25":1,"s:30:25:30:Infinity":4,"f:37:19:37:25":2,"s:37:25:37:Infinity":5,"f:44:19:44:25":3,"s:44:25:44:Infinity":6}}}
,"/Users/davidmonreal/Projects/handbol2026/frontend/src/components/match/shared/CollapsedStep.tsx": {"path":"/Users/davidmonreal/Projects/handbol2026/frontend/src/components/match/shared/CollapsedStep.tsx","statementMap":{"0":{"start":{"line":10,"column":29},"end":{"line":35,"column":null}},"1":{"start":{"line":16,"column":2},"end":{"line":35,"column":null}}},"fnMap":{"0":{"name":"(anonymous_0)","decl":{"start":{"line":10,"column":29},"end":{"line":10,"column":30}},"loc":{"start":{"line":16,"column":2},"end":{"line":35,"column":null}},"line":16}},"branchMap":{},"s":{"0":2,"1":4},"f":{"0":4},"b":{},"meta":{"lastBranch":0,"lastFunction":1,"lastStatement":2,"seen":{"s:10:29:35:Infinity":0,"f:10:29:10:30":0,"s:16:2:35:Infinity":1}}}
,"/Users/davidmonreal/Projects/handbol2026/frontend/src/components/match/shared/SplitToggle.tsx": {"path":"/Users/davidmonreal/Projects/handbol2026/frontend/src/components/match/shared/SplitToggle.tsx","statementMap":{"0":{"start":{"line":11,"column":27},"end":{"line":77,"column":null}},"1":{"start":{"line":18,"column":25},"end":{"line":25,"column":null}},"2":{"start":{"line":19,"column":4},"end":{"line":24,"column":null}},"3":{"start":{"line":20,"column":21},"end":{"line":20,"column":null}},"4":{"start":{"line":21,"column":21},"end":{"line":21,"column":null}},"5":{"start":{"line":22,"column":19},"end":{"line":22,"column":null}},"6":{"start":{"line":23,"column":15},"end":{"line":23,"column":null}},"7":{"start":{"line":27,"column":26},"end":{"line":44,"column":null}},"8":{"start":{"line":28,"column":24},"end":{"line":28,"column":null}},"9":{"start":{"line":30,"column":4},"end":{"line":32,"column":null}},"10":{"start":{"line":31,"column":6},"end":{"line":31,"column":null}},"11":{"start":{"line":34,"column":4},"end":{"line":43,"column":null}},"12":{"start":{"line":36,"column":8},"end":{"line":36,"column":null}},"13":{"start":{"line":38,"column":8},"end":{"line":38,"column":null}},"14":{"start":{"line":40,"column":8},"end":{"line":40,"column":null}},"15":{"start":{"line":42,"column":8},"end":{"line":42,"column":null}},"16":{"start":{"line":46,"column":2},"end":{"line":75,"column":null}},"17":{"start":{"line":49,"column":23},"end":{"line":49,"column":null}},"18":{"start":{"line":54,"column":48},"end":{"line":54,"column":76}},"19":{"start":{"line":63,"column":23},"end":{"line":63,"column":null}},"20":{"start":{"line":68,"column":49},"end":{"line":68,"column":77}}},"fnMap":{"0":{"name":"(anonymous_0)","decl":{"start":{"line":11,"column":27},"end":{"line":11,"column":28}},"loc":{"start":{"line":17,"column":24},"end":{"line":77,"column":null}},"line":17},"1":{"name":"(anonymous_1)","decl":{"start":{"line":18,"column":25},"end":{"line":18,"column":31}},"loc":{"start":{"line":18,"column":31},"end":{"line":25,"column":null}},"line":18},"2":{"name":"(anonymous_2)","decl":{"start":{"line":27,"column":26},"end":{"line":27,"column":27}},"loc":{"start":{"line":27,"column":49},"end":{"line":44,"column":null}},"line":27},"3":{"name":"(anonymous_3)","decl":{"start":{"line":49,"column":17},"end":{"line":49,"column":23}},"loc":{"start":{"line":49,"column":23},"end":{"line":49,"column":null}},"line":49},"4":{"name":"(anonymous_4)","decl":{"start":{"line":54,"column":33},"end":{"line":54,"column":34}},"loc":{"start":{"line":54,"column":48},"end":{"line":54,"column":76}},"line":54},"5":{"name":"(anonymous_5)","decl":{"start":{"line":63,"column":17},"end":{"line":63,"column":23}},"loc":{"start":{"line":63,"column":23},"end":{"line":63,"column":null}},"line":63},"6":{"name":"(anonymous_6)","decl":{"start":{"line":68,"column":34},"end":{"line":68,"column":35}},"loc":{"start":{"line":68,"column":49},"end":{"line":68,"column":77}},"line":68}},"branchMap":{"0":{"loc":{"start":{"line":19,"column":4},"end":{"line":24,"column":null}},"type":"switch","locations":[{"start":{"line":20,"column":6},"end":{"line":20,"column":null}},{"start":{"line":21,"column":6},"end":{"line":21,"column":null}},{"start":{"line":22,"column":6},"end":{"line":22,"column":null}},{"start":{"line":23,"column":6},"end":{"line":23,"column":null}}],"line":19},"1":{"loc":{"start":{"line":30,"column":4},"end":{"line":32,"column":null}},"type":"if","locations":[{"start":{"line":30,"column":4},"end":{"line":32,"column":null}},{"start":{},"end":{}}],"line":30},"2":{"loc":{"start":{"line":34,"column":4},"end":{"line":43,"column":null}},"type":"switch","locations":[{"start":{"line":35,"column":6},"end":{"line":36,"column":null}},{"start":{"line":37,"column":6},"end":{"line":38,"column":null}},{"start":{"line":39,"column":6},"end":{"line":40,"column":null}},{"start":{"line":41,"column":6},"end":{"line":42,"column":null}}],"line":34},"3":{"loc":{"start":{"line":52,"column":9},"end":{"line":57,"column":null}},"type":"cond-expr","locations":[{"start":{"line":53,"column":10},"end":{"line":55,"column":null}},{"start":{"line":57,"column":10},"end":{"line":57,"column":null}}],"line":52},"4":{"loc":{"start":{"line":66,"column":9},"end":{"line":71,"column":null}},"type":"cond-expr","locations":[{"start":{"line":67,"column":10},"end":{"line":69,"column":null}},{"start":{"line":71,"column":10},"end":{"line":71,"column":null}}],"line":66}},"s":{"0":1,"1":8,"2":16,"3":12,"4":2,"5":2,"6":0,"7":8,"8":16,"9":16,"10":8,"11":8,"12":6,"13":1,"14":1,"15":0,"16":8,"17":1,"18":0,"19":1,"20":2},"f":{"0":8,"1":16,"2":16,"3":1,"4":0,"5":1,"6":2},"b":{"0":[12,2,2,0],"1":[8,8],"2":[6,1,1,0],"3":[0,8],"4":[1,7]},"meta":{"lastBranch":5,"lastFunction":7,"lastStatement":21,"seen":{"s:11:27:77:Infinity":0,"f:11:27:11:28":0,"s:18:25:25:Infinity":1,"f:18:25:18:31":1,"b:20:6:20:Infinity:21:6:21:Infinity:22:6:22:Infinity:23:6:23:Infinity":0,"s:19:4:24:Infinity":2,"s:20:21:20:Infinity":3,"s:21:21:21:Infinity":4,"s:22:19:22:Infinity":5,"s:23:15:23:Infinity":6,"s:27:26:44:Infinity":7,"f:27:26:27:27":2,"s:28:24:28:Infinity":8,"b:30:4:32:Infinity:undefined:undefined:undefined:undefined":1,"s:30:4:32:Infinity":9,"s:31:6:31:Infinity":10,"b:35:6:36:Infinity:37:6:38:Infinity:39:6:40:Infinity:41:6:42:Infinity":2,"s:34:4:43:Infinity":11,"s:36:8:36:Infinity":12,"s:38:8:38:Infinity":13,"s:40:8:40:Infinity":14,"s:42:8:42:Infinity":15,"s:46:2:75:Infinity":16,"f:49:17:49:23":3,"s:49:23:49:Infinity":17,"b:53:10:55:Infinity:57:10:57:Infinity":3,"f:54:33:54:34":4,"s:54:48:54:76":18,"f:63:17:63:23":5,"s:63:23:63:Infinity":19,"b:67:10:69:Infinity:71:10:71:Infinity":4,"f:68:34:68:35":6,"s:68:49:68:77":20}}}
,"/Users/davidmonreal/Projects/handbol2026/frontend/src/components/match/shared/ZoneSelector.tsx": {"path":"/Users/davidmonreal/Projects/handbol2026/frontend/src/components/match/shared/ZoneSelector.tsx","statementMap":{"0":{"start":{"line":10,"column":28},"end":{"line":62,"column":null}},"1":{"start":{"line":11,"column":2},"end":{"line":62,"column":null}},"2":{"start":{"line":17,"column":10},"end":{"line":27,"column":null}},"3":{"start":{"line":19,"column":27},"end":{"line":19,"column":null}},"4":{"start":{"line":33,"column":10},"end":{"line":43,"column":null}},"5":{"start":{"line":35,"column":27},"end":{"line":35,"column":null}},"6":{"start":{"line":50,"column":27},"end":{"line":50,"column":null}}},"fnMap":{"0":{"name":"(anonymous_0)","decl":{"start":{"line":10,"column":28},"end":{"line":10,"column":29}},"loc":{"start":{"line":11,"column":2},"end":{"line":62,"column":null}},"line":11},"1":{"name":"(anonymous_1)","decl":{"start":{"line":16,"column":34},"end":{"line":16,"column":35}},"loc":{"start":{"line":17,"column":10},"end":{"line":27,"column":null}},"line":17},"2":{"name":"(anonymous_2)","decl":{"start":{"line":19,"column":21},"end":{"line":19,"column":27}},"loc":{"start":{"line":19,"column":27},"end":{"line":19,"column":null}},"line":19},"3":{"name":"(anonymous_3)","decl":{"start":{"line":32,"column":35},"end":{"line":32,"column":36}},"loc":{"start":{"line":33,"column":10},"end":{"line":43,"column":null}},"line":33},"4":{"name":"(anonymous_4)","decl":{"start":{"line":35,"column":21},"end":{"line":35,"column":27}},"loc":{"start":{"line":35,"column":27},"end":{"line":35,"column":null}},"line":35},"5":{"name":"(anonymous_5)","decl":{"start":{"line":50,"column":21},"end":{"line":50,"column":27}},"loc":{"start":{"line":50,"column":27},"end":{"line":50,"column":null}},"line":50}},"branchMap":{"0":{"loc":{"start":{"line":10,"column":59},"end":{"line":10,"column":79}},"type":"default-arg","locations":[{"start":{"line":10,"column":73},"end":{"line":10,"column":79}}],"line":10},"1":{"loc":{"start":{"line":21,"column":14},"end":{"line":23,"column":null}},"type":"cond-expr","locations":[{"start":{"line":22,"column":18},"end":{"line":22,"column":null}},{"start":{"line":23,"column":18},"end":{"line":23,"column":null}}],"line":21},"2":{"loc":{"start":{"line":37,"column":14},"end":{"line":39,"column":null}},"type":"cond-expr","locations":[{"start":{"line":38,"column":18},"end":{"line":38,"column":null}},{"start":{"line":39,"column":18},"end":{"line":39,"column":null}}],"line":37},"3":{"loc":{"start":{"line":47,"column":7},"end":{"line":59,"column":null}},"type":"binary-expr","locations":[{"start":{"line":47,"column":7},"end":{"line":47,"column":null}},{"start":{"line":48,"column":8},"end":{"line":59,"column":null}}],"line":47},"4":{"loc":{"start":{"line":52,"column":14},"end":{"line":54,"column":null}},"type":"cond-expr","locations":[{"start":{"line":53,"column":18},"end":{"line":53,"column":null}},{"start":{"line":54,"column":18},"end":{"line":54,"column":null}}],"line":52}},"s":{"0":1,"1":6,"2":30,"3":1,"4":18,"5":1,"6":1},"f":{"0":6,"1":30,"2":1,"3":18,"4":1,"5":1},"b":{"0":[6],"1":[1,29],"2":[0,18],"3":[6,5],"4":[0,5]},"meta":{"lastBranch":5,"lastFunction":6,"lastStatement":7,"seen":{"s:10:28:62:Infinity":0,"f:10:28:10:29":0,"s:11:2:62:Infinity":1,"b:10:73:10:79":0,"f:16:34:16:35":1,"s:17:10:27:Infinity":2,"f:19:21:19:27":2,"s:19:27:19:Infinity":3,"b:22:18:22:Infinity:23:18:23:Infinity":1,"f:32:35:32:36":3,"s:33:10:43:Infinity":4,"f:35:21:35:27":4,"s:35:27:35:Infinity":5,"b:38:18:38:Infinity:39:18:39:Infinity":2,"b:47:7:47:Infinity:48:8:59:Infinity":3,"f:50:21:50:27":5,"s:50:27:50:Infinity":6,"b:53:18:53:Infinity:54:18:54:Infinity":4}}}
,"/Users/davidmonreal/Projects/handbol2026/frontend/src/config/flows.ts": {"path":"/Users/davidmonreal/Projects/handbol2026/frontend/src/config/flows.ts","statementMap":{"0":{"start":{"line":4,"column":27},"end":{"line":27,"column":null}},"1":{"start":{"line":8,"column":32},"end":{"line":8,"column":null}},"2":{"start":{"line":10,"column":12},"end":{"line":12,"column":null}},"3":{"start":{"line":11,"column":16},"end":{"line":11,"column":null}},"4":{"start":{"line":13,"column":12},"end":{"line":13,"column":null}},"5":{"start":{"line":15,"column":48},"end":{"line":15,"column":null}},"6":{"start":{"line":20,"column":49},"end":{"line":20,"column":null}},"7":{"start":{"line":25,"column":36},"end":{"line":25,"column":null}}},"fnMap":{"0":{"name":"(anonymous_0)","decl":{"start":{"line":7,"column":29},"end":{"line":7,"column":30}},"loc":{"start":{"line":7,"column":56},"end":{"line":14,"column":null}},"line":7},"1":{"name":"(anonymous_1)","decl":{"start":{"line":15,"column":21},"end":{"line":15,"column":22}},"loc":{"start":{"line":15,"column":48},"end":{"line":15,"column":null}},"line":15},"2":{"name":"(anonymous_2)","decl":{"start":{"line":20,"column":22},"end":{"line":20,"column":23}},"loc":{"start":{"line":20,"column":49},"end":{"line":20,"column":null}},"line":20},"3":{"name":"(anonymous_3)","decl":{"start":{"line":25,"column":18},"end":{"line":25,"column":19}},"loc":{"start":{"line":25,"column":36},"end":{"line":25,"column":null}},"line":25}},"branchMap":{"0":{"loc":{"start":{"line":10,"column":12},"end":{"line":12,"column":null}},"type":"if","locations":[{"start":{"line":10,"column":12},"end":{"line":12,"column":null}},{"start":{},"end":{}}],"line":10}},"s":{"0":1,"1":2,"2":2,"3":1,"4":1,"5":3,"6":0,"7":2},"f":{"0":2,"1":3,"2":0,"3":2},"b":{"0":[1,1]},"meta":{"lastBranch":1,"lastFunction":4,"lastStatement":8,"seen":{"s:4:27:27:Infinity":0,"f:7:29:7:30":0,"s:8:32:8:Infinity":1,"b:10:12:12:Infinity:undefined:undefined:undefined:undefined":0,"s:10:12:12:Infinity":2,"s:11:16:11:Infinity":3,"s:13:12:13:Infinity":4,"f:15:21:15:22":1,"s:15:48:15:Infinity":5,"f:20:22:20:23":2,"s:20:49:20:Infinity":6,"f:25:18:25:19":3,"s:25:36:25:Infinity":7}}}
,"/Users/davidmonreal/Projects/handbol2026/frontend/src/config/zones.ts": {"path":"/Users/davidmonreal/Projects/handbol2026/frontend/src/config/zones.ts","statementMap":{"0":{"start":{"line":9,"column":27},"end":{"line":26,"column":null}},"1":{"start":{"line":29,"column":27},"end":{"line":33,"column":null}},"2":{"start":{"line":29,"column":47},"end":{"line":33,"column":null}},"3":{"start":{"line":36,"column":28},"end":{"line":40,"column":null}},"4":{"start":{"line":37,"column":21},"end":{"line":37,"column":null}},"5":{"start":{"line":38,"column":19},"end":{"line":38,"column":null}},"6":{"start":{"line":38,"column":38},"end":{"line":38,"column":53}},"7":{"start":{"line":39,"column":4},"end":{"line":39,"column":null}}},"fnMap":{"0":{"name":"(anonymous_0)","decl":{"start":{"line":29,"column":27},"end":{"line":29,"column":47}},"loc":{"start":{"line":29,"column":47},"end":{"line":33,"column":null}},"line":29},"1":{"name":"(anonymous_1)","decl":{"start":{"line":36,"column":28},"end":{"line":36,"column":29}},"loc":{"start":{"line":36,"column":80},"end":{"line":40,"column":null}},"line":36},"2":{"name":"(anonymous_2)","decl":{"start":{"line":38,"column":33},"end":{"line":38,"column":38}},"loc":{"start":{"line":38,"column":38},"end":{"line":38,"column":53}},"line":38}},"branchMap":{"0":{"loc":{"start":{"line":36,"column":45},"end":{"line":36,"column":80}},"type":"default-arg","locations":[{"start":{"line":36,"column":62},"end":{"line":36,"column":80}}],"line":36},"1":{"loc":{"start":{"line":39,"column":11},"end":{"line":39,"column":null}},"type":"cond-expr","locations":[{"start":{"line":39,"column":21},"end":{"line":39,"column":65}},{"start":{"line":39,"column":65},"end":{"line":39,"column":null}}],"line":39},"2":{"loc":{"start":{"line":39,"column":21},"end":{"line":39,"column":65}},"type":"cond-expr","locations":[{"start":{"line":39,"column":29},"end":{"line":39,"column":49}},{"start":{"line":39,"column":49},"end":{"line":39,"column":65}}],"line":39}},"s":{"0":2,"1":2,"2":0,"3":2,"4":0,"5":0,"6":0,"7":0},"f":{"0":0,"1":0,"2":0},"b":{"0":[0],"1":[0,0],"2":[0,0]},"meta":{"lastBranch":3,"lastFunction":3,"lastStatement":8,"seen":{"s:9:27:26:Infinity":0,"s:29:27:33:Infinity":1,"f:29:27:29:47":0,"s:29:47:33:Infinity":2,"s:36:28:40:Infinity":3,"f:36:28:36:29":1,"b:36:62:36:80":0,"s:37:21:37:Infinity":4,"s:38:19:38:Infinity":5,"f:38:33:38:38":2,"s:38:38:38:53":6,"s:39:4:39:Infinity":7,"b:39:21:39:65:39:65:39:Infinity":1,"b:39:29:39:49:39:49:39:65":2}}}
}
